{"/Users/ajoslin/Development/EPC/ReactIndoorMapping/src/Indoor.js": {"path":"/Users/ajoslin/Development/EPC/ReactIndoorMapping/src/Indoor.js","statementMap":{"0":{"start":{"line":5,"column":0},"end":{"line":5,"column":66}},"1":{"start":{"line":6,"column":0},"end":{"line":6,"column":34}}},"fnMap":{},"branchMap":{"0":{"loc":{"start":{"line":5,"column":25},"end":{"line":5,"column":64}},"type":"binary-expr","locations":[{"start":{"line":5,"column":25},"end":{"line":5,"column":39}},{"start":{"line":5,"column":43},"end":{"line":5,"column":64}}],"line":5}},"s":{"0":0,"1":0},"f":{},"b":{"0":[0,0]}}
,"/Users/ajoslin/Development/EPC/ReactIndoorMapping/src/core/Base.js": {"path":"/Users/ajoslin/Development/EPC/ReactIndoorMapping/src/core/Base.js","statementMap":{"0":{"start":{"line":5,"column":4},"end":{"line":5,"column":19}},"1":{"start":{"line":6,"column":4},"end":{"line":6,"column":34}},"2":{"start":{"line":7,"column":4},"end":{"line":7,"column":33}}},"fnMap":{"0":{"name":"(anonymous_0)","decl":{"start":{"line":4,"column":2},"end":{"line":4,"column":3}},"loc":{"start":{"line":4,"column":23},"end":{"line":8,"column":3}},"line":4}},"branchMap":{"0":{"loc":{"start":{"line":6,"column":20},"end":{"line":6,"column":33}},"type":"binary-expr","locations":[{"start":{"line":6,"column":20},"end":{"line":6,"column":27}},{"start":{"line":6,"column":31},"end":{"line":6,"column":33}}],"line":6}},"s":{"0":7,"1":7,"2":7},"f":{"0":7},"b":{"0":[7,0]},"_coverageSchema":"1a1c01bbd47fc00a2c39e90264f33305004495a9","hash":"3b975f6cfc4045dad0011f69c7b9116fb7bac11f"}
,"/Users/ajoslin/Development/EPC/ReactIndoorMapping/src/core/Constants.js": {"path":"/Users/ajoslin/Development/EPC/ReactIndoorMapping/src/core/Constants.js","statementMap":{"0":{"start":{"line":3,"column":21},"end":{"line":8,"column":1}},"1":{"start":{"line":10,"column":19},"end":{"line":20,"column":1}},"2":{"start":{"line":22,"column":22},"end":{"line":26,"column":1}},"3":{"start":{"line":28,"column":20},"end":{"line":33,"column":1}},"4":{"start":{"line":35,"column":0},"end":{"line":35,"column":43}},"5":{"start":{"line":36,"column":0},"end":{"line":36,"column":43}},"6":{"start":{"line":38,"column":0},"end":{"line":38,"column":46}},"7":{"start":{"line":39,"column":0},"end":{"line":39,"column":47}},"8":{"start":{"line":40,"column":0},"end":{"line":40,"column":51}},"9":{"start":{"line":41,"column":0},"end":{"line":41,"column":47}},"10":{"start":{"line":43,"column":0},"end":{"line":43,"column":45}},"11":{"start":{"line":44,"column":0},"end":{"line":44,"column":45}},"12":{"start":{"line":45,"column":0},"end":{"line":45,"column":44}},"13":{"start":{"line":46,"column":0},"end":{"line":46,"column":44}},"14":{"start":{"line":47,"column":0},"end":{"line":47,"column":51}},"15":{"start":{"line":49,"column":0},"end":{"line":49,"column":48}},"16":{"start":{"line":50,"column":0},"end":{"line":50,"column":48}},"17":{"start":{"line":51,"column":0},"end":{"line":51,"column":54}},"18":{"start":{"line":53,"column":0},"end":{"line":53,"column":46}},"19":{"start":{"line":54,"column":0},"end":{"line":54,"column":44}},"20":{"start":{"line":56,"column":0},"end":{"line":56,"column":74}},"21":{"start":{"line":58,"column":0},"end":{"line":58,"column":49}},"22":{"start":{"line":60,"column":0},"end":{"line":60,"column":36}},"23":{"start":{"line":62,"column":0},"end":{"line":67,"column":2}},"24":{"start":{"line":63,"column":17},"end":{"line":63,"column":19}},"25":{"start":{"line":64,"column":2},"end":{"line":64,"column":85}},"26":{"start":{"line":65,"column":2},"end":{"line":65,"column":85}},"27":{"start":{"line":66,"column":2},"end":{"line":66,"column":16}}},"fnMap":{"0":{"name":"getBounds","decl":{"start":{"line":62,"column":45},"end":{"line":62,"column":54}},"loc":{"start":{"line":62,"column":57},"end":{"line":67,"column":1}},"line":62}},"branchMap":{},"s":{"0":0,"1":0,"2":0,"3":0,"4":0,"5":0,"6":0,"7":0,"8":0,"9":0,"10":0,"11":0,"12":0,"13":0,"14":0,"15":0,"16":0,"17":0,"18":0,"19":0,"20":0,"21":0,"22":0,"23":0,"24":0,"25":0,"26":0,"27":0},"f":{"0":0},"b":{}}
,"/Users/ajoslin/Development/EPC/ReactIndoorMapping/src/floorplan/Floor.js": {"path":"/Users/ajoslin/Development/EPC/ReactIndoorMapping/src/floorplan/Floor.js","statementMap":{"0":{"start":{"line":7,"column":4},"end":{"line":7,"column":19}},"1":{"start":{"line":9,"column":4},"end":{"line":9,"column":34}},"2":{"start":{"line":10,"column":4},"end":{"line":10,"column":36}},"3":{"start":{"line":12,"column":4},"end":{"line":12,"column":45}},"4":{"start":{"line":14,"column":4},"end":{"line":14,"column":31}},"5":{"start":{"line":16,"column":4},"end":{"line":16,"column":16}},"6":{"start":{"line":20,"column":15},"end":{"line":20,"column":19}},"7":{"start":{"line":21,"column":18},"end":{"line":21,"column":43}},"8":{"start":{"line":22,"column":16},"end":{"line":22,"column":45}},"9":{"start":{"line":24,"column":4},"end":{"line":41,"column":5}},"10":{"start":{"line":25,"column":6},"end":{"line":29,"column":9}},"11":{"start":{"line":26,"column":8},"end":{"line":26,"column":55}},"12":{"start":{"line":26,"column":38},"end":{"line":26,"column":53}},"13":{"start":{"line":27,"column":22},"end":{"line":27,"column":68}},"14":{"start":{"line":28,"column":8},"end":{"line":28,"column":27}},"15":{"start":{"line":31,"column":6},"end":{"line":40,"column":8}},"16":{"start":{"line":34,"column":10},"end":{"line":34,"column":29}},"17":{"start":{"line":43,"column":4},"end":{"line":52,"column":7}},"18":{"start":{"line":56,"column":4},"end":{"line":58,"column":5}},"19":{"start":{"line":57,"column":6},"end":{"line":57,"column":36}},"20":{"start":{"line":59,"column":18},"end":{"line":59,"column":44}},"21":{"start":{"line":60,"column":4},"end":{"line":67,"column":5}},"22":{"start":{"line":61,"column":6},"end":{"line":61,"column":31}},"23":{"start":{"line":62,"column":6},"end":{"line":62,"column":33}},"24":{"start":{"line":63,"column":11},"end":{"line":67,"column":5}},"25":{"start":{"line":64,"column":6},"end":{"line":64,"column":39}},"26":{"start":{"line":65,"column":11},"end":{"line":67,"column":5}},"27":{"start":{"line":66,"column":6},"end":{"line":66,"column":39}},"28":{"start":{"line":68,"column":4},"end":{"line":68,"column":38}},"29":{"start":{"line":69,"column":4},"end":{"line":69,"column":40}},"30":{"start":{"line":70,"column":4},"end":{"line":70,"column":54}},"31":{"start":{"line":72,"column":4},"end":{"line":72,"column":35}},"32":{"start":{"line":73,"column":4},"end":{"line":73,"column":35}},"33":{"start":{"line":75,"column":4},"end":{"line":75,"column":21}},"34":{"start":{"line":79,"column":4},"end":{"line":83,"column":5}},"35":{"start":{"line":80,"column":6},"end":{"line":80,"column":43}},"36":{"start":{"line":81,"column":6},"end":{"line":81,"column":30}},"37":{"start":{"line":82,"column":6},"end":{"line":82,"column":13}},"38":{"start":{"line":85,"column":4},"end":{"line":95,"column":7}},"39":{"start":{"line":96,"column":4},"end":{"line":96,"column":28}},"40":{"start":{"line":100,"column":4},"end":{"line":100,"column":23}},"41":{"start":{"line":101,"column":4},"end":{"line":101,"column":20}},"42":{"start":{"line":105,"column":4},"end":{"line":105,"column":25}},"43":{"start":{"line":106,"column":4},"end":{"line":106,"column":20}},"44":{"start":{"line":110,"column":4},"end":{"line":110,"column":27}},"45":{"start":{"line":111,"column":4},"end":{"line":111,"column":39}},"46":{"start":{"line":112,"column":4},"end":{"line":114,"column":5}},"47":{"start":{"line":113,"column":6},"end":{"line":113,"column":36}},"48":{"start":{"line":118,"column":4},"end":{"line":118,"column":40}},"49":{"start":{"line":119,"column":4},"end":{"line":119,"column":28}},"50":{"start":{"line":119,"column":21},"end":{"line":119,"column":28}},"51":{"start":{"line":120,"column":4},"end":{"line":123,"column":7}},"52":{"start":{"line":127,"column":4},"end":{"line":127,"column":19}},"53":{"start":{"line":128,"column":4},"end":{"line":128,"column":16}},"54":{"start":{"line":132,"column":4},"end":{"line":134,"column":5}},"55":{"start":{"line":133,"column":6},"end":{"line":133,"column":25}},"56":{"start":{"line":135,"column":4},"end":{"line":137,"column":5}},"57":{"start":{"line":136,"column":6},"end":{"line":136,"column":27}},"58":{"start":{"line":139,"column":18},"end":{"line":139,"column":54}},"59":{"start":{"line":140,"column":4},"end":{"line":147,"column":5}},"60":{"start":{"line":141,"column":6},"end":{"line":141,"column":36}},"61":{"start":{"line":142,"column":6},"end":{"line":142,"column":38}},"62":{"start":{"line":143,"column":11},"end":{"line":147,"column":5}},"63":{"start":{"line":144,"column":6},"end":{"line":144,"column":39}},"64":{"start":{"line":145,"column":11},"end":{"line":147,"column":5}},"65":{"start":{"line":146,"column":6},"end":{"line":146,"column":39}},"66":{"start":{"line":148,"column":4},"end":{"line":148,"column":53}},"67":{"start":{"line":149,"column":4},"end":{"line":149,"column":31}},"68":{"start":{"line":153,"column":26},"end":{"line":153,"column":60}},"69":{"start":{"line":153,"column":37},"end":{"line":153,"column":60}}},"fnMap":{"0":{"name":"(anonymous_0)","decl":{"start":{"line":6,"column":2},"end":{"line":6,"column":3}},"loc":{"start":{"line":6,"column":23},"end":{"line":17,"column":3}},"line":6},"1":{"name":"(anonymous_1)","decl":{"start":{"line":19,"column":2},"end":{"line":19,"column":3}},"loc":{"start":{"line":19,"column":9},"end":{"line":53,"column":3}},"line":19},"2":{"name":"(anonymous_2)","decl":{"start":{"line":25,"column":38},"end":{"line":25,"column":39}},"loc":{"start":{"line":25,"column":60},"end":{"line":29,"column":7}},"line":25},"3":{"name":"(anonymous_3)","decl":{"start":{"line":26,"column":33},"end":{"line":26,"column":34}},"loc":{"start":{"line":26,"column":38},"end":{"line":26,"column":53}},"line":26},"4":{"name":"(anonymous_4)","decl":{"start":{"line":33,"column":8},"end":{"line":33,"column":9}},"loc":{"start":{"line":33,"column":17},"end":{"line":35,"column":9}},"line":33},"5":{"name":"(anonymous_5)","decl":{"start":{"line":55,"column":2},"end":{"line":55,"column":3}},"loc":{"start":{"line":55,"column":18},"end":{"line":76,"column":3}},"line":55},"6":{"name":"(anonymous_6)","decl":{"start":{"line":78,"column":2},"end":{"line":78,"column":3}},"loc":{"start":{"line":78,"column":14},"end":{"line":97,"column":3}},"line":78},"7":{"name":"(anonymous_7)","decl":{"start":{"line":99,"column":2},"end":{"line":99,"column":3}},"loc":{"start":{"line":99,"column":18},"end":{"line":102,"column":3}},"line":99},"8":{"name":"(anonymous_8)","decl":{"start":{"line":104,"column":2},"end":{"line":104,"column":3}},"loc":{"start":{"line":104,"column":20},"end":{"line":107,"column":3}},"line":104},"9":{"name":"(anonymous_9)","decl":{"start":{"line":109,"column":2},"end":{"line":109,"column":3}},"loc":{"start":{"line":109,"column":22},"end":{"line":115,"column":3}},"line":109},"10":{"name":"(anonymous_10)","decl":{"start":{"line":117,"column":2},"end":{"line":117,"column":3}},"loc":{"start":{"line":117,"column":24},"end":{"line":124,"column":3}},"line":117},"11":{"name":"(anonymous_11)","decl":{"start":{"line":126,"column":2},"end":{"line":126,"column":3}},"loc":{"start":{"line":126,"column":14},"end":{"line":129,"column":3}},"line":126},"12":{"name":"(anonymous_12)","decl":{"start":{"line":131,"column":2},"end":{"line":131,"column":3}},"loc":{"start":{"line":131,"column":26},"end":{"line":150,"column":3}},"line":131},"13":{"name":"(anonymous_13)","decl":{"start":{"line":153,"column":26},"end":{"line":153,"column":27}},"loc":{"start":{"line":153,"column":37},"end":{"line":153,"column":60}},"line":153}},"branchMap":{"0":{"loc":{"start":{"line":9,"column":17},"end":{"line":9,"column":33}},"type":"binary-expr","locations":[{"start":{"line":9,"column":17},"end":{"line":9,"column":27}},{"start":{"line":9,"column":31},"end":{"line":9,"column":33}}],"line":9},"1":{"loc":{"start":{"line":10,"column":18},"end":{"line":10,"column":35}},"type":"binary-expr","locations":[{"start":{"line":10,"column":18},"end":{"line":10,"column":29}},{"start":{"line":10,"column":33},"end":{"line":10,"column":35}}],"line":10},"2":{"loc":{"start":{"line":24,"column":4},"end":{"line":41,"column":5}},"type":"if","locations":[{"start":{"line":24,"column":4},"end":{"line":41,"column":5}},{"start":{"line":30,"column":11},"end":{"line":41,"column":5}}],"line":24},"3":{"loc":{"start":{"line":56,"column":4},"end":{"line":58,"column":5}},"type":"if","locations":[{"start":{"line":56,"column":4},"end":{"line":58,"column":5}},{"start":{},"end":{}}],"line":56},"4":{"loc":{"start":{"line":56,"column":8},"end":{"line":56,"column":32}},"type":"binary-expr","locations":[{"start":{"line":56,"column":8},"end":{"line":56,"column":18}},{"start":{"line":56,"column":22},"end":{"line":56,"column":32}}],"line":56},"5":{"loc":{"start":{"line":60,"column":4},"end":{"line":67,"column":5}},"type":"if","locations":[{"start":{"line":60,"column":4},"end":{"line":67,"column":5}},{"start":{"line":63,"column":11},"end":{"line":67,"column":5}}],"line":60},"6":{"loc":{"start":{"line":60,"column":8},"end":{"line":60,"column":47}},"type":"binary-expr","locations":[{"start":{"line":60,"column":8},"end":{"line":60,"column":25}},{"start":{"line":60,"column":29},"end":{"line":60,"column":47}}],"line":60},"7":{"loc":{"start":{"line":63,"column":11},"end":{"line":67,"column":5}},"type":"if","locations":[{"start":{"line":63,"column":11},"end":{"line":67,"column":5}},{"start":{"line":65,"column":11},"end":{"line":67,"column":5}}],"line":63},"8":{"loc":{"start":{"line":65,"column":11},"end":{"line":67,"column":5}},"type":"if","locations":[{"start":{"line":65,"column":11},"end":{"line":67,"column":5}},{"start":{},"end":{}}],"line":65},"9":{"loc":{"start":{"line":79,"column":4},"end":{"line":83,"column":5}},"type":"if","locations":[{"start":{"line":79,"column":4},"end":{"line":83,"column":5}},{"start":{},"end":{}}],"line":79},"10":{"loc":{"start":{"line":112,"column":4},"end":{"line":114,"column":5}},"type":"if","locations":[{"start":{"line":112,"column":4},"end":{"line":114,"column":5}},{"start":{},"end":{}}],"line":112},"11":{"loc":{"start":{"line":119,"column":4},"end":{"line":119,"column":28}},"type":"if","locations":[{"start":{"line":119,"column":4},"end":{"line":119,"column":28}},{"start":{},"end":{}}],"line":119},"12":{"loc":{"start":{"line":132,"column":4},"end":{"line":134,"column":5}},"type":"if","locations":[{"start":{"line":132,"column":4},"end":{"line":134,"column":5}},{"start":{},"end":{}}],"line":132},"13":{"loc":{"start":{"line":135,"column":4},"end":{"line":137,"column":5}},"type":"if","locations":[{"start":{"line":135,"column":4},"end":{"line":137,"column":5}},{"start":{},"end":{}}],"line":135},"14":{"loc":{"start":{"line":140,"column":4},"end":{"line":147,"column":5}},"type":"if","locations":[{"start":{"line":140,"column":4},"end":{"line":147,"column":5}},{"start":{"line":143,"column":11},"end":{"line":147,"column":5}}],"line":140},"15":{"loc":{"start":{"line":140,"column":8},"end":{"line":140,"column":47}},"type":"binary-expr","locations":[{"start":{"line":140,"column":8},"end":{"line":140,"column":25}},{"start":{"line":140,"column":29},"end":{"line":140,"column":47}}],"line":140},"16":{"loc":{"start":{"line":143,"column":11},"end":{"line":147,"column":5}},"type":"if","locations":[{"start":{"line":143,"column":11},"end":{"line":147,"column":5}},{"start":{"line":145,"column":11},"end":{"line":147,"column":5}}],"line":143},"17":{"loc":{"start":{"line":145,"column":11},"end":{"line":147,"column":5}},"type":"if","locations":[{"start":{"line":145,"column":11},"end":{"line":147,"column":5}},{"start":{},"end":{}}],"line":145}},"s":{"0":0,"1":0,"2":0,"3":0,"4":0,"5":0,"6":0,"7":0,"8":0,"9":0,"10":0,"11":0,"12":0,"13":0,"14":0,"15":0,"16":0,"17":0,"18":0,"19":0,"20":0,"21":0,"22":0,"23":0,"24":0,"25":0,"26":0,"27":0,"28":0,"29":0,"30":0,"31":0,"32":0,"33":0,"34":0,"35":0,"36":0,"37":0,"38":0,"39":0,"40":0,"41":0,"42":0,"43":0,"44":0,"45":0,"46":0,"47":0,"48":0,"49":0,"50":0,"51":0,"52":0,"53":0,"54":0,"55":0,"56":0,"57":0,"58":0,"59":0,"60":0,"61":0,"62":0,"63":0,"64":0,"65":0,"66":0,"67":0,"68":0,"69":0},"f":{"0":0,"1":0,"2":0,"3":0,"4":0,"5":0,"6":0,"7":0,"8":0,"9":0,"10":0,"11":0,"12":0,"13":0},"b":{"0":[0,0],"1":[0,0],"2":[0,0],"3":[0,0],"4":[0,0],"5":[0,0],"6":[0,0],"7":[0,0],"8":[0,0],"9":[0,0],"10":[0,0],"11":[0,0],"12":[0,0],"13":[0,0],"14":[0,0],"15":[0,0],"16":[0,0],"17":[0,0]}}
,"/Users/ajoslin/Development/EPC/ReactIndoorMapping/src/geometry/Point.js": {"path":"/Users/ajoslin/Development/EPC/ReactIndoorMapping/src/geometry/Point.js","statementMap":{"0":{"start":{"line":5,"column":4},"end":{"line":19,"column":5}},"1":{"start":{"line":6,"column":6},"end":{"line":6,"column":22}},"2":{"start":{"line":7,"column":11},"end":{"line":19,"column":5}},"3":{"start":{"line":8,"column":6},"end":{"line":8,"column":22}},"4":{"start":{"line":9,"column":11},"end":{"line":19,"column":5}},"5":{"start":{"line":10,"column":6},"end":{"line":10,"column":22}},"6":{"start":{"line":11,"column":6},"end":{"line":11,"column":22}},"7":{"start":{"line":12,"column":11},"end":{"line":19,"column":5}},"8":{"start":{"line":13,"column":6},"end":{"line":13,"column":24}},"9":{"start":{"line":15,"column":6},"end":{"line":18,"column":8}},"10":{"start":{"line":21,"column":4},"end":{"line":21,"column":16}},"11":{"start":{"line":25,"column":4},"end":{"line":25,"column":20}},"12":{"start":{"line":29,"column":4},"end":{"line":29,"column":20}},"13":{"start":{"line":33,"column":4},"end":{"line":33,"column":21}},"14":{"start":{"line":34,"column":4},"end":{"line":34,"column":21}},"15":{"start":{"line":38,"column":4},"end":{"line":38,"column":28}},"16":{"start":{"line":42,"column":21},"end":{"line":42,"column":56}},"17":{"start":{"line":42,"column":36},"end":{"line":42,"column":56}}},"fnMap":{"0":{"name":"(anonymous_0)","decl":{"start":{"line":2,"column":2},"end":{"line":2,"column":3}},"loc":{"start":{"line":2,"column":25},"end":{"line":22,"column":3}},"line":2},"1":{"name":"(anonymous_1)","decl":{"start":{"line":24,"column":2},"end":{"line":24,"column":3}},"loc":{"start":{"line":24,"column":10},"end":{"line":26,"column":3}},"line":24},"2":{"name":"(anonymous_2)","decl":{"start":{"line":28,"column":2},"end":{"line":28,"column":3}},"loc":{"start":{"line":28,"column":10},"end":{"line":30,"column":3}},"line":28},"3":{"name":"(anonymous_3)","decl":{"start":{"line":32,"column":2},"end":{"line":32,"column":3}},"loc":{"start":{"line":32,"column":14},"end":{"line":35,"column":3}},"line":32},"4":{"name":"(anonymous_4)","decl":{"start":{"line":37,"column":2},"end":{"line":37,"column":3}},"loc":{"start":{"line":37,"column":13},"end":{"line":39,"column":3}},"line":37},"5":{"name":"(anonymous_5)","decl":{"start":{"line":42,"column":21},"end":{"line":42,"column":22}},"loc":{"start":{"line":42,"column":36},"end":{"line":42,"column":56}},"line":42}},"branchMap":{"0":{"loc":{"start":{"line":5,"column":4},"end":{"line":19,"column":5}},"type":"if","locations":[{"start":{"line":5,"column":4},"end":{"line":19,"column":5}},{"start":{"line":7,"column":11},"end":{"line":19,"column":5}}],"line":5},"1":{"loc":{"start":{"line":7,"column":11},"end":{"line":19,"column":5}},"type":"if","locations":[{"start":{"line":7,"column":11},"end":{"line":19,"column":5}},{"start":{"line":9,"column":11},"end":{"line":19,"column":5}}],"line":7},"2":{"loc":{"start":{"line":7,"column":15},"end":{"line":7,"column":48}},"type":"binary-expr","locations":[{"start":{"line":7,"column":15},"end":{"line":7,"column":34}},{"start":{"line":7,"column":38},"end":{"line":7,"column":48}}],"line":7},"3":{"loc":{"start":{"line":9,"column":11},"end":{"line":19,"column":5}},"type":"if","locations":[{"start":{"line":9,"column":11},"end":{"line":19,"column":5}},{"start":{"line":12,"column":11},"end":{"line":19,"column":5}}],"line":9},"4":{"loc":{"start":{"line":12,"column":11},"end":{"line":19,"column":5}},"type":"if","locations":[{"start":{"line":12,"column":11},"end":{"line":19,"column":5}},{"start":{"line":14,"column":11},"end":{"line":19,"column":5}}],"line":12},"5":{"loc":{"start":{"line":25,"column":13},"end":{"line":25,"column":19}},"type":"binary-expr","locations":[{"start":{"line":25,"column":13},"end":{"line":25,"column":14}},{"start":{"line":25,"column":18},"end":{"line":25,"column":19}}],"line":25},"6":{"loc":{"start":{"line":29,"column":13},"end":{"line":29,"column":19}},"type":"binary-expr","locations":[{"start":{"line":29,"column":13},"end":{"line":29,"column":14}},{"start":{"line":29,"column":18},"end":{"line":29,"column":19}}],"line":29}},"s":{"0":0,"1":0,"2":0,"3":0,"4":0,"5":0,"6":0,"7":0,"8":0,"9":0,"10":0,"11":0,"12":0,"13":0,"14":0,"15":0,"16":0,"17":0},"f":{"0":0,"1":0,"2":0,"3":0,"4":0,"5":0},"b":{"0":[0,0],"1":[0,0],"2":[0,0],"3":[0,0],"4":[0,0],"5":[0,0],"6":[0,0]}}
,"/Users/ajoslin/Development/EPC/ReactIndoorMapping/src/grid/Axis.js": {"path":"/Users/ajoslin/Development/EPC/ReactIndoorMapping/src/grid/Axis.js","statementMap":{"0":{"start":{"line":3,"column":4},"end":{"line":3,"column":33}},"1":{"start":{"line":4,"column":4},"end":{"line":4,"column":42}},"2":{"start":{"line":8,"column":19},"end":{"line":8,"column":21}},"3":{"start":{"line":9,"column":4},"end":{"line":9,"column":31}},"4":{"start":{"line":9,"column":17},"end":{"line":9,"column":31}},"5":{"start":{"line":10,"column":4},"end":{"line":16,"column":5}},"6":{"start":{"line":10,"column":17},"end":{"line":10,"column":18}},"7":{"start":{"line":11,"column":16},"end":{"line":11,"column":40}},"8":{"start":{"line":12,"column":6},"end":{"line":12,"column":21}},"9":{"start":{"line":13,"column":6},"end":{"line":13,"column":21}},"10":{"start":{"line":14,"column":6},"end":{"line":14,"column":21}},"11":{"start":{"line":15,"column":6},"end":{"line":15,"column":21}},"12":{"start":{"line":17,"column":4},"end":{"line":17,"column":18}},"13":{"start":{"line":21,"column":14},"end":{"line":21,"column":24}},"14":{"start":{"line":22,"column":4},"end":{"line":22,"column":52}},"15":{"start":{"line":22,"column":34},"end":{"line":22,"column":52}},"16":{"start":{"line":23,"column":4},"end":{"line":23,"column":27}},"17":{"start":{"line":27,"column":4},"end":{"line":27,"column":46}},"18":{"start":{"line":31,"column":4},"end":{"line":31,"column":25}},"19":{"start":{"line":35,"column":4},"end":{"line":35,"column":28}},"20":{"start":{"line":36,"column":4},"end":{"line":36,"column":33}},"21":{"start":{"line":38,"column":4},"end":{"line":38,"column":33}}},"fnMap":{"0":{"name":"(anonymous_0)","decl":{"start":{"line":2,"column":2},"end":{"line":2,"column":3}},"loc":{"start":{"line":2,"column":36},"end":{"line":5,"column":3}},"line":2},"1":{"name":"(anonymous_1)","decl":{"start":{"line":7,"column":2},"end":{"line":7,"column":3}},"loc":{"start":{"line":7,"column":20},"end":{"line":18,"column":3}},"line":7},"2":{"name":"(anonymous_2)","decl":{"start":{"line":20,"column":2},"end":{"line":20,"column":3}},"loc":{"start":{"line":20,"column":13},"end":{"line":24,"column":3}},"line":20},"3":{"name":"(anonymous_3)","decl":{"start":{"line":26,"column":2},"end":{"line":26,"column":3}},"loc":{"start":{"line":26,"column":18},"end":{"line":28,"column":3}},"line":26},"4":{"name":"(anonymous_4)","decl":{"start":{"line":30,"column":2},"end":{"line":30,"column":3}},"loc":{"start":{"line":30,"column":20},"end":{"line":32,"column":3}},"line":30},"5":{"name":"(anonymous_5)","decl":{"start":{"line":34,"column":2},"end":{"line":34,"column":3}},"loc":{"start":{"line":34,"column":18},"end":{"line":39,"column":3}},"line":34}},"branchMap":{"0":{"loc":{"start":{"line":4,"column":23},"end":{"line":4,"column":41}},"type":"binary-expr","locations":[{"start":{"line":4,"column":23},"end":{"line":4,"column":34}},{"start":{"line":4,"column":38},"end":{"line":4,"column":41}}],"line":4},"1":{"loc":{"start":{"line":9,"column":4},"end":{"line":9,"column":31}},"type":"if","locations":[{"start":{"line":9,"column":4},"end":{"line":9,"column":31}},{"start":{},"end":{}}],"line":9},"2":{"loc":{"start":{"line":22,"column":4},"end":{"line":22,"column":52}},"type":"if","locations":[{"start":{"line":22,"column":4},"end":{"line":22,"column":52}},{"start":{},"end":{}}],"line":22},"3":{"loc":{"start":{"line":35,"column":14},"end":{"line":35,"column":27}},"type":"binary-expr","locations":[{"start":{"line":35,"column":14},"end":{"line":35,"column":21}},{"start":{"line":35,"column":25},"end":{"line":35,"column":27}}],"line":35}},"s":{"0":0,"1":0,"2":0,"3":0,"4":0,"5":0,"6":0,"7":0,"8":0,"9":0,"10":0,"11":0,"12":0,"13":0,"14":0,"15":0,"16":0,"17":0,"18":0,"19":0,"20":0,"21":0},"f":{"0":0,"1":0,"2":0,"3":0,"4":0,"5":0},"b":{"0":[0,0],"1":[0,0],"2":[0,0],"3":[0,0]}}
,"/Users/ajoslin/Development/EPC/ReactIndoorMapping/src/grid/Grid.js": {"path":"/Users/ajoslin/Development/EPC/ReactIndoorMapping/src/grid/Grid.js","statementMap":{"0":{"start":{"line":33,"column":4},"end":{"line":33,"column":16}},"1":{"start":{"line":34,"column":4},"end":{"line":34,"column":25}},"2":{"start":{"line":35,"column":4},"end":{"line":35,"column":48}},"3":{"start":{"line":36,"column":4},"end":{"line":36,"column":20}},"4":{"start":{"line":37,"column":4},"end":{"line":37,"column":23}},"5":{"start":{"line":38,"column":4},"end":{"line":38,"column":22}},"6":{"start":{"line":47,"column":4},"end":{"line":47,"column":16}},"7":{"start":{"line":48,"column":4},"end":{"line":48,"column":16}},"8":{"start":{"line":52,"column":16},"end":{"line":52,"column":28}},"9":{"start":{"line":53,"column":26},"end":{"line":53,"column":37}},"10":{"start":{"line":54,"column":27},"end":{"line":54,"column":40}},"11":{"start":{"line":55,"column":21},"end":{"line":58,"column":5}},"12":{"start":{"line":59,"column":14},"end":{"line":59,"column":53}},"13":{"start":{"line":60,"column":4},"end":{"line":60,"column":25}},"14":{"start":{"line":61,"column":4},"end":{"line":61,"column":34}},"15":{"start":{"line":62,"column":4},"end":{"line":62,"column":37}},"16":{"start":{"line":63,"column":4},"end":{"line":63,"column":100}},"17":{"start":{"line":64,"column":14},"end":{"line":64,"column":52}},"18":{"start":{"line":65,"column":4},"end":{"line":65,"column":20}},"19":{"start":{"line":69,"column":4},"end":{"line":69,"column":25}},"20":{"start":{"line":70,"column":4},"end":{"line":70,"column":27}},"21":{"start":{"line":74,"column":4},"end":{"line":74,"column":30}},"22":{"start":{"line":78,"column":4},"end":{"line":78,"column":32}},"23":{"start":{"line":83,"column":4},"end":{"line":83,"column":25}},"24":{"start":{"line":83,"column":15},"end":{"line":83,"column":25}},"25":{"start":{"line":84,"column":18},"end":{"line":84,"column":57}},"26":{"start":{"line":87,"column":4},"end":{"line":87,"column":64}},"27":{"start":{"line":88,"column":4},"end":{"line":88,"column":64}},"28":{"start":{"line":89,"column":4},"end":{"line":89,"column":41}},"29":{"start":{"line":90,"column":4},"end":{"line":90,"column":41}},"30":{"start":{"line":91,"column":4},"end":{"line":91,"column":30}},"31":{"start":{"line":92,"column":4},"end":{"line":92,"column":16}},"32":{"start":{"line":97,"column":18},"end":{"line":97,"column":57}},"33":{"start":{"line":98,"column":4},"end":{"line":98,"column":39}},"34":{"start":{"line":100,"column":4},"end":{"line":100,"column":64}},"35":{"start":{"line":101,"column":4},"end":{"line":101,"column":64}},"36":{"start":{"line":102,"column":4},"end":{"line":102,"column":41}},"37":{"start":{"line":103,"column":4},"end":{"line":103,"column":41}},"38":{"start":{"line":104,"column":4},"end":{"line":104,"column":32}},"39":{"start":{"line":106,"column":4},"end":{"line":106,"column":33}},"40":{"start":{"line":107,"column":4},"end":{"line":107,"column":38}},"41":{"start":{"line":109,"column":4},"end":{"line":109,"column":33}},"42":{"start":{"line":110,"column":4},"end":{"line":110,"column":38}},"43":{"start":{"line":115,"column":18},"end":{"line":119,"column":5}},"44":{"start":{"line":121,"column":4},"end":{"line":121,"column":40}},"45":{"start":{"line":122,"column":4},"end":{"line":126,"column":6}},"46":{"start":{"line":128,"column":4},"end":{"line":128,"column":28}},"47":{"start":{"line":130,"column":4},"end":{"line":132,"column":39}},"48":{"start":{"line":134,"column":4},"end":{"line":134,"column":57}},"49":{"start":{"line":135,"column":4},"end":{"line":135,"column":38}},"50":{"start":{"line":136,"column":4},"end":{"line":136,"column":38}},"51":{"start":{"line":137,"column":4},"end":{"line":137,"column":35}},"52":{"start":{"line":139,"column":4},"end":{"line":145,"column":5}},"53":{"start":{"line":140,"column":6},"end":{"line":140,"column":51}},"54":{"start":{"line":141,"column":11},"end":{"line":145,"column":5}},"55":{"start":{"line":142,"column":6},"end":{"line":142,"column":43}},"56":{"start":{"line":144,"column":6},"end":{"line":144,"column":36}},"57":{"start":{"line":147,"column":4},"end":{"line":152,"column":5}},"58":{"start":{"line":148,"column":6},"end":{"line":148,"column":38}},"59":{"start":{"line":150,"column":20},"end":{"line":150,"column":45}},"60":{"start":{"line":151,"column":6},"end":{"line":151,"column":49}},"61":{"start":{"line":153,"column":4},"end":{"line":153,"column":56}},"62":{"start":{"line":156,"column":4},"end":{"line":160,"column":5}},"63":{"start":{"line":157,"column":6},"end":{"line":157,"column":33}},"64":{"start":{"line":159,"column":6},"end":{"line":159,"column":32}},"65":{"start":{"line":161,"column":4},"end":{"line":161,"column":24}},"66":{"start":{"line":163,"column":4},"end":{"line":173,"column":5}},"67":{"start":{"line":164,"column":6},"end":{"line":164,"column":48}},"68":{"start":{"line":165,"column":11},"end":{"line":173,"column":5}},"69":{"start":{"line":166,"column":6},"end":{"line":166,"column":41}},"70":{"start":{"line":168,"column":18},"end":{"line":168,"column":53}},"71":{"start":{"line":169,"column":6},"end":{"line":171,"column":7}},"72":{"start":{"line":170,"column":8},"end":{"line":170,"column":90}},"73":{"start":{"line":172,"column":6},"end":{"line":172,"column":57}},"74":{"start":{"line":176,"column":4},"end":{"line":184,"column":5}},"75":{"start":{"line":177,"column":6},"end":{"line":177,"column":33}},"76":{"start":{"line":178,"column":11},"end":{"line":184,"column":5}},"77":{"start":{"line":179,"column":6},"end":{"line":179,"column":26}},"78":{"start":{"line":181,"column":19},"end":{"line":182,"column":48}},"79":{"start":{"line":183,"column":6},"end":{"line":183,"column":45}},"80":{"start":{"line":185,"column":4},"end":{"line":185,"column":24}},"81":{"start":{"line":188,"column":4},"end":{"line":197,"column":5}},"82":{"start":{"line":188,"column":31},"end":{"line":188,"column":52}},"83":{"start":{"line":189,"column":9},"end":{"line":197,"column":5}},"84":{"start":{"line":190,"column":6},"end":{"line":190,"column":35}},"85":{"start":{"line":191,"column":11},"end":{"line":197,"column":5}},"86":{"start":{"line":192,"column":6},"end":{"line":192,"column":28}},"87":{"start":{"line":193,"column":11},"end":{"line":197,"column":5}},"88":{"start":{"line":194,"column":6},"end":{"line":194,"column":28}},"89":{"start":{"line":196,"column":6},"end":{"line":196,"column":52}},"90":{"start":{"line":198,"column":4},"end":{"line":198,"column":26}},"91":{"start":{"line":200,"column":4},"end":{"line":202,"column":5}},"92":{"start":{"line":201,"column":6},"end":{"line":201,"column":48}},"93":{"start":{"line":203,"column":4},"end":{"line":205,"column":5}},"94":{"start":{"line":204,"column":6},"end":{"line":204,"column":52}},"95":{"start":{"line":206,"column":4},"end":{"line":214,"column":5}},"96":{"start":{"line":208,"column":6},"end":{"line":213,"column":9}},"97":{"start":{"line":209,"column":8},"end":{"line":209,"column":31}},"98":{"start":{"line":210,"column":8},"end":{"line":210,"column":44}},"99":{"start":{"line":211,"column":8},"end":{"line":211,"column":36}},"100":{"start":{"line":212,"column":8},"end":{"line":212,"column":32}},"101":{"start":{"line":216,"column":4},"end":{"line":223,"column":5}},"102":{"start":{"line":217,"column":6},"end":{"line":222,"column":9}},"103":{"start":{"line":218,"column":8},"end":{"line":218,"column":33}},"104":{"start":{"line":219,"column":8},"end":{"line":219,"column":44}},"105":{"start":{"line":220,"column":8},"end":{"line":220,"column":36}},"106":{"start":{"line":221,"column":8},"end":{"line":221,"column":31}},"107":{"start":{"line":225,"column":4},"end":{"line":225,"column":17}},"108":{"start":{"line":229,"column":4},"end":{"line":229,"column":46}},"109":{"start":{"line":230,"column":4},"end":{"line":230,"column":26}},"110":{"start":{"line":231,"column":4},"end":{"line":231,"column":29}},"111":{"start":{"line":233,"column":4},"end":{"line":290,"column":6}},"112":{"start":{"line":280,"column":25},"end":{"line":280,"column":37}},"113":{"start":{"line":283,"column":24},"end":{"line":283,"column":25}},"114":{"start":{"line":286,"column":21},"end":{"line":286,"column":22}},"115":{"start":{"line":292,"column":4},"end":{"line":292,"column":46}},"116":{"start":{"line":293,"column":4},"end":{"line":293,"column":46}},"117":{"start":{"line":295,"column":4},"end":{"line":313,"column":7}},"118":{"start":{"line":299,"column":23},"end":{"line":299,"column":25}},"119":{"start":{"line":300,"column":8},"end":{"line":300,"column":35}},"120":{"start":{"line":300,"column":21},"end":{"line":300,"column":35}},"121":{"start":{"line":301,"column":8},"end":{"line":307,"column":9}},"122":{"start":{"line":301,"column":21},"end":{"line":301,"column":22}},"123":{"start":{"line":302,"column":20},"end":{"line":302,"column":63}},"124":{"start":{"line":303,"column":10},"end":{"line":303,"column":25}},"125":{"start":{"line":304,"column":10},"end":{"line":304,"column":25}},"126":{"start":{"line":305,"column":10},"end":{"line":305,"column":25}},"127":{"start":{"line":306,"column":10},"end":{"line":306,"column":25}},"128":{"start":{"line":308,"column":8},"end":{"line":308,"column":22}},"129":{"start":{"line":310,"column":25},"end":{"line":310,"column":63}},"130":{"start":{"line":312,"column":34},"end":{"line":312,"column":70}},"131":{"start":{"line":314,"column":4},"end":{"line":331,"column":7}},"132":{"start":{"line":318,"column":23},"end":{"line":318,"column":25}},"133":{"start":{"line":319,"column":8},"end":{"line":319,"column":35}},"134":{"start":{"line":319,"column":21},"end":{"line":319,"column":35}},"135":{"start":{"line":320,"column":8},"end":{"line":326,"column":9}},"136":{"start":{"line":320,"column":21},"end":{"line":320,"column":22}},"137":{"start":{"line":321,"column":20},"end":{"line":321,"column":63}},"138":{"start":{"line":322,"column":10},"end":{"line":322,"column":25}},"139":{"start":{"line":323,"column":10},"end":{"line":323,"column":25}},"140":{"start":{"line":324,"column":10},"end":{"line":324,"column":25}},"141":{"start":{"line":325,"column":10},"end":{"line":325,"column":25}},"142":{"start":{"line":327,"column":8},"end":{"line":327,"column":22}},"143":{"start":{"line":329,"column":25},"end":{"line":329,"column":63}},"144":{"start":{"line":330,"column":34},"end":{"line":330,"column":74}},"145":{"start":{"line":333,"column":4},"end":{"line":333,"column":39}},"146":{"start":{"line":334,"column":4},"end":{"line":334,"column":39}},"147":{"start":{"line":336,"column":4},"end":{"line":336,"column":41}},"148":{"start":{"line":341,"column":4},"end":{"line":341,"column":72}},"149":{"start":{"line":342,"column":4},"end":{"line":342,"column":33}},"150":{"start":{"line":343,"column":4},"end":{"line":343,"column":33}},"151":{"start":{"line":344,"column":4},"end":{"line":344,"column":16}},"152":{"start":{"line":350,"column":4},"end":{"line":350,"column":44}},"153":{"start":{"line":350,"column":37},"end":{"line":350,"column":44}},"154":{"start":{"line":352,"column":16},"end":{"line":352,"column":28}},"155":{"start":{"line":353,"column":28},"end":{"line":353,"column":39}},"156":{"start":{"line":354,"column":17},"end":{"line":354,"column":18}},"157":{"start":{"line":355,"column":16},"end":{"line":355,"column":17}},"158":{"start":{"line":356,"column":29},"end":{"line":356,"column":42}},"159":{"start":{"line":358,"column":20},"end":{"line":358,"column":99}},"160":{"start":{"line":359,"column":4},"end":{"line":359,"column":39}},"161":{"start":{"line":360,"column":19},"end":{"line":360,"column":65}},"162":{"start":{"line":362,"column":4},"end":{"line":362,"column":22}},"163":{"start":{"line":363,"column":4},"end":{"line":376,"column":5}},"164":{"start":{"line":363,"column":17},"end":{"line":363,"column":18}},"165":{"start":{"line":363,"column":24},"end":{"line":363,"column":25}},"166":{"start":{"line":364,"column":20},"end":{"line":364,"column":39}},"167":{"start":{"line":365,"column":6},"end":{"line":365,"column":27}},"168":{"start":{"line":365,"column":18},"end":{"line":365,"column":27}},"169":{"start":{"line":366,"column":6},"end":{"line":366,"column":30}},"170":{"start":{"line":367,"column":6},"end":{"line":367,"column":22}},"171":{"start":{"line":368,"column":17},"end":{"line":368,"column":58}},"172":{"start":{"line":369,"column":17},"end":{"line":369,"column":62}},"173":{"start":{"line":370,"column":17},"end":{"line":370,"column":62}},"174":{"start":{"line":371,"column":17},"end":{"line":371,"column":62}},"175":{"start":{"line":372,"column":6},"end":{"line":372,"column":25}},"176":{"start":{"line":373,"column":6},"end":{"line":373,"column":25}},"177":{"start":{"line":374,"column":6},"end":{"line":374,"column":19}},"178":{"start":{"line":375,"column":6},"end":{"line":375,"column":22}},"179":{"start":{"line":377,"column":20},"end":{"line":377,"column":22}},"180":{"start":{"line":378,"column":4},"end":{"line":388,"column":5}},"181":{"start":{"line":378,"column":17},"end":{"line":378,"column":18}},"182":{"start":{"line":379,"column":17},"end":{"line":379,"column":26}},"183":{"start":{"line":380,"column":17},"end":{"line":380,"column":30}},"184":{"start":{"line":381,"column":17},"end":{"line":381,"column":30}},"185":{"start":{"line":382,"column":17},"end":{"line":382,"column":30}},"186":{"start":{"line":383,"column":19},"end":{"line":383,"column":26}},"187":{"start":{"line":384,"column":19},"end":{"line":384,"column":26}},"188":{"start":{"line":385,"column":19},"end":{"line":385,"column":34}},"189":{"start":{"line":386,"column":6},"end":{"line":386,"column":32}},"190":{"start":{"line":387,"column":6},"end":{"line":387,"column":32}},"191":{"start":{"line":390,"column":23},"end":{"line":390,"column":25}},"192":{"start":{"line":391,"column":4},"end":{"line":391,"column":27}},"193":{"start":{"line":392,"column":18},"end":{"line":392,"column":29}},"194":{"start":{"line":393,"column":4},"end":{"line":410,"column":5}},"195":{"start":{"line":393,"column":17},"end":{"line":393,"column":18}},"196":{"start":{"line":393,"column":24},"end":{"line":393,"column":25}},"197":{"start":{"line":393,"column":31},"end":{"line":393,"column":32}},"198":{"start":{"line":394,"column":17},"end":{"line":394,"column":26}},"199":{"start":{"line":395,"column":17},"end":{"line":395,"column":30}},"200":{"start":{"line":396,"column":17},"end":{"line":396,"column":30}},"201":{"start":{"line":397,"column":17},"end":{"line":397,"column":30}},"202":{"start":{"line":398,"column":19},"end":{"line":398,"column":40}},"203":{"start":{"line":399,"column":19},"end":{"line":399,"column":40}},"204":{"start":{"line":400,"column":19},"end":{"line":403,"column":7}},"205":{"start":{"line":404,"column":6},"end":{"line":404,"column":76}},"206":{"start":{"line":405,"column":6},"end":{"line":405,"column":80}},"207":{"start":{"line":406,"column":6},"end":{"line":406,"column":82}},"208":{"start":{"line":407,"column":6},"end":{"line":407,"column":86}},"209":{"start":{"line":408,"column":6},"end":{"line":408,"column":53}},"210":{"start":{"line":409,"column":6},"end":{"line":409,"column":57}},"211":{"start":{"line":412,"column":4},"end":{"line":427,"column":5}},"212":{"start":{"line":413,"column":6},"end":{"line":413,"column":42}},"213":{"start":{"line":414,"column":6},"end":{"line":414,"column":22}},"214":{"start":{"line":415,"column":6},"end":{"line":423,"column":7}},"215":{"start":{"line":415,"column":19},"end":{"line":415,"column":20}},"216":{"start":{"line":415,"column":26},"end":{"line":415,"column":27}},"217":{"start":{"line":416,"column":8},"end":{"line":416,"column":83}},"218":{"start":{"line":416,"column":74},"end":{"line":416,"column":83}},"219":{"start":{"line":417,"column":19},"end":{"line":417,"column":64}},"220":{"start":{"line":418,"column":19},"end":{"line":418,"column":68}},"221":{"start":{"line":419,"column":19},"end":{"line":419,"column":68}},"222":{"start":{"line":420,"column":19},"end":{"line":420,"column":68}},"223":{"start":{"line":421,"column":8},"end":{"line":421,"column":27}},"224":{"start":{"line":422,"column":8},"end":{"line":422,"column":27}},"225":{"start":{"line":424,"column":6},"end":{"line":424,"column":40}},"226":{"start":{"line":425,"column":6},"end":{"line":425,"column":19}},"227":{"start":{"line":426,"column":6},"end":{"line":426,"column":22}},"228":{"start":{"line":429,"column":4},"end":{"line":445,"column":5}},"229":{"start":{"line":430,"column":25},"end":{"line":433,"column":7}},"230":{"start":{"line":434,"column":6},"end":{"line":434,"column":42}},"231":{"start":{"line":435,"column":17},"end":{"line":435,"column":75}},"232":{"start":{"line":436,"column":17},"end":{"line":436,"column":75}},"233":{"start":{"line":437,"column":17},"end":{"line":437,"column":75}},"234":{"start":{"line":438,"column":17},"end":{"line":438,"column":75}},"235":{"start":{"line":439,"column":6},"end":{"line":439,"column":22}},"236":{"start":{"line":440,"column":6},"end":{"line":440,"column":25}},"237":{"start":{"line":441,"column":6},"end":{"line":441,"column":25}},"238":{"start":{"line":442,"column":6},"end":{"line":442,"column":40}},"239":{"start":{"line":443,"column":6},"end":{"line":443,"column":19}},"240":{"start":{"line":444,"column":6},"end":{"line":444,"column":22}},"241":{"start":{"line":447,"column":4},"end":{"line":447,"column":27}},"242":{"start":{"line":451,"column":4},"end":{"line":485,"column":5}},"243":{"start":{"line":452,"column":18},"end":{"line":452,"column":30}},"244":{"start":{"line":453,"column":30},"end":{"line":453,"column":41}},"245":{"start":{"line":454,"column":31},"end":{"line":454,"column":44}},"246":{"start":{"line":456,"column":6},"end":{"line":456,"column":63}},"247":{"start":{"line":457,"column":6},"end":{"line":457,"column":39}},"248":{"start":{"line":458,"column":6},"end":{"line":458,"column":31}},"249":{"start":{"line":459,"column":25},"end":{"line":459,"column":39}},"250":{"start":{"line":460,"column":21},"end":{"line":460,"column":42}},"251":{"start":{"line":461,"column":25},"end":{"line":462,"column":65}},"252":{"start":{"line":463,"column":20},"end":{"line":463,"column":84}},"253":{"start":{"line":464,"column":6},"end":{"line":484,"column":7}},"254":{"start":{"line":464,"column":19},"end":{"line":464,"column":20}},"255":{"start":{"line":465,"column":20},"end":{"line":465,"column":35}},"256":{"start":{"line":466,"column":8},"end":{"line":466,"column":36}},"257":{"start":{"line":466,"column":27},"end":{"line":466,"column":36}},"258":{"start":{"line":468,"column":8},"end":{"line":468,"column":92}},"259":{"start":{"line":468,"column":83},"end":{"line":468,"column":92}},"260":{"start":{"line":470,"column":26},"end":{"line":470,"column":54}},"261":{"start":{"line":472,"column":23},"end":{"line":472,"column":81}},"262":{"start":{"line":474,"column":8},"end":{"line":477,"column":9}},"263":{"start":{"line":475,"column":10},"end":{"line":475,"column":86}},"264":{"start":{"line":476,"column":10},"end":{"line":476,"column":22}},"265":{"start":{"line":479,"column":22},"end":{"line":479,"column":89}},"266":{"start":{"line":480,"column":8},"end":{"line":482,"column":9}},"267":{"start":{"line":481,"column":10},"end":{"line":481,"column":72}},"268":{"start":{"line":483,"column":8},"end":{"line":483,"column":47}}},"fnMap":{"0":{"name":"(anonymous_0)","decl":{"start":{"line":32,"column":2},"end":{"line":32,"column":3}},"loc":{"start":{"line":32,"column":28},"end":{"line":39,"column":3}},"line":32},"1":{"name":"(anonymous_1)","decl":{"start":{"line":46,"column":2},"end":{"line":46,"column":3}},"loc":{"start":{"line":46,"column":11},"end":{"line":49,"column":3}},"line":46},"2":{"name":"(anonymous_2)","decl":{"start":{"line":51,"column":2},"end":{"line":51,"column":3}},"loc":{"start":{"line":51,"column":20},"end":{"line":66,"column":3}},"line":51},"3":{"name":"(anonymous_3)","decl":{"start":{"line":68,"column":2},"end":{"line":68,"column":3}},"loc":{"start":{"line":68,"column":25},"end":{"line":71,"column":3}},"line":68},"4":{"name":"(anonymous_4)","decl":{"start":{"line":73,"column":2},"end":{"line":73,"column":3}},"loc":{"start":{"line":73,"column":18},"end":{"line":75,"column":3}},"line":73},"5":{"name":"(anonymous_5)","decl":{"start":{"line":77,"column":2},"end":{"line":77,"column":3}},"loc":{"start":{"line":77,"column":20},"end":{"line":79,"column":3}},"line":77},"6":{"name":"(anonymous_6)","decl":{"start":{"line":82,"column":2},"end":{"line":82,"column":3}},"loc":{"start":{"line":82,"column":15},"end":{"line":93,"column":3}},"line":82},"7":{"name":"(anonymous_7)","decl":{"start":{"line":96,"column":2},"end":{"line":96,"column":3}},"loc":{"start":{"line":96,"column":18},"end":{"line":111,"column":3}},"line":96},"8":{"name":"(anonymous_8)","decl":{"start":{"line":114,"column":2},"end":{"line":114,"column":3}},"loc":{"start":{"line":114,"column":31},"end":{"line":226,"column":3}},"line":114},"9":{"name":"(anonymous_9)","decl":{"start":{"line":208,"column":33},"end":{"line":208,"column":34}},"loc":{"start":{"line":208,"column":50},"end":{"line":213,"column":7}},"line":208},"10":{"name":"(anonymous_10)","decl":{"start":{"line":217,"column":34},"end":{"line":217,"column":35}},"loc":{"start":{"line":217,"column":52},"end":{"line":222,"column":7}},"line":217},"11":{"name":"(anonymous_11)","decl":{"start":{"line":228,"column":2},"end":{"line":228,"column":3}},"loc":{"start":{"line":228,"column":16},"end":{"line":337,"column":3}},"line":228},"12":{"name":"(anonymous_12)","decl":{"start":{"line":280,"column":19},"end":{"line":280,"column":20}},"loc":{"start":{"line":280,"column":25},"end":{"line":280,"column":37}},"line":280},"13":{"name":"(anonymous_13)","decl":{"start":{"line":283,"column":18},"end":{"line":283,"column":19}},"loc":{"start":{"line":283,"column":24},"end":{"line":283,"column":25}},"line":283},"14":{"name":"(anonymous_14)","decl":{"start":{"line":286,"column":16},"end":{"line":286,"column":17}},"loc":{"start":{"line":286,"column":21},"end":{"line":286,"column":22}},"line":286},"15":{"name":"(anonymous_15)","decl":{"start":{"line":298,"column":17},"end":{"line":298,"column":18}},"loc":{"start":{"line":298,"column":36},"end":{"line":309,"column":7}},"line":298},"16":{"name":"(anonymous_16)","decl":{"start":{"line":310,"column":16},"end":{"line":310,"column":17}},"loc":{"start":{"line":310,"column":25},"end":{"line":310,"column":63}},"line":310},"17":{"name":"(anonymous_17)","decl":{"start":{"line":312,"column":16},"end":{"line":312,"column":17}},"loc":{"start":{"line":312,"column":34},"end":{"line":312,"column":70}},"line":312},"18":{"name":"(anonymous_18)","decl":{"start":{"line":317,"column":17},"end":{"line":317,"column":18}},"loc":{"start":{"line":317,"column":36},"end":{"line":328,"column":7}},"line":317},"19":{"name":"(anonymous_19)","decl":{"start":{"line":329,"column":16},"end":{"line":329,"column":17}},"loc":{"start":{"line":329,"column":25},"end":{"line":329,"column":63}},"line":329},"20":{"name":"(anonymous_20)","decl":{"start":{"line":330,"column":16},"end":{"line":330,"column":17}},"loc":{"start":{"line":330,"column":34},"end":{"line":330,"column":74}},"line":330},"21":{"name":"(anonymous_21)","decl":{"start":{"line":340,"column":2},"end":{"line":340,"column":3}},"loc":{"start":{"line":340,"column":9},"end":{"line":345,"column":3}},"line":340},"22":{"name":"(anonymous_22)","decl":{"start":{"line":348,"column":2},"end":{"line":348,"column":3}},"loc":{"start":{"line":348,"column":19},"end":{"line":448,"column":3}},"line":348},"23":{"name":"(anonymous_23)","decl":{"start":{"line":450,"column":2},"end":{"line":450,"column":3}},"loc":{"start":{"line":450,"column":20},"end":{"line":486,"column":3}},"line":450}},"branchMap":{"0":{"loc":{"start":{"line":83,"column":4},"end":{"line":83,"column":25}},"type":"if","locations":[{"start":{"line":83,"column":4},"end":{"line":83,"column":25}},{"start":{},"end":{}}],"line":83},"1":{"loc":{"start":{"line":130,"column":22},"end":{"line":132,"column":38}},"type":"cond-expr","locations":[{"start":{"line":131,"column":8},"end":{"line":131,"column":43}},{"start":{"line":132,"column":8},"end":{"line":132,"column":38}}],"line":130},"2":{"loc":{"start":{"line":132,"column":8},"end":{"line":132,"column":38}},"type":"binary-expr","locations":[{"start":{"line":132,"column":8},"end":{"line":132,"column":23}},{"start":{"line":132,"column":27},"end":{"line":132,"column":38}}],"line":132},"3":{"loc":{"start":{"line":134,"column":22},"end":{"line":134,"column":56}},"type":"binary-expr","locations":[{"start":{"line":134,"column":22},"end":{"line":134,"column":37}},{"start":{"line":134,"column":41},"end":{"line":134,"column":56}}],"line":134},"4":{"loc":{"start":{"line":139,"column":4},"end":{"line":145,"column":5}},"type":"if","locations":[{"start":{"line":139,"column":4},"end":{"line":145,"column":5}},{"start":{"line":141,"column":11},"end":{"line":145,"column":5}}],"line":139},"5":{"loc":{"start":{"line":141,"column":11},"end":{"line":145,"column":5}},"type":"if","locations":[{"start":{"line":141,"column":11},"end":{"line":145,"column":5}},{"start":{"line":143,"column":11},"end":{"line":145,"column":5}}],"line":141},"6":{"loc":{"start":{"line":147,"column":4},"end":{"line":152,"column":5}},"type":"if","locations":[{"start":{"line":147,"column":4},"end":{"line":152,"column":5}},{"start":{"line":149,"column":11},"end":{"line":152,"column":5}}],"line":147},"7":{"loc":{"start":{"line":153,"column":23},"end":{"line":153,"column":55}},"type":"binary-expr","locations":[{"start":{"line":153,"column":23},"end":{"line":153,"column":39}},{"start":{"line":153,"column":43},"end":{"line":153,"column":55}}],"line":153},"8":{"loc":{"start":{"line":156,"column":4},"end":{"line":160,"column":5}},"type":"if","locations":[{"start":{"line":156,"column":4},"end":{"line":160,"column":5}},{"start":{"line":158,"column":11},"end":{"line":160,"column":5}}],"line":156},"9":{"loc":{"start":{"line":159,"column":14},"end":{"line":159,"column":31}},"type":"binary-expr","locations":[{"start":{"line":159,"column":14},"end":{"line":159,"column":25}},{"start":{"line":159,"column":29},"end":{"line":159,"column":31}}],"line":159},"10":{"loc":{"start":{"line":163,"column":4},"end":{"line":173,"column":5}},"type":"if","locations":[{"start":{"line":163,"column":4},"end":{"line":173,"column":5}},{"start":{"line":165,"column":11},"end":{"line":173,"column":5}}],"line":163},"11":{"loc":{"start":{"line":165,"column":11},"end":{"line":173,"column":5}},"type":"if","locations":[{"start":{"line":165,"column":11},"end":{"line":173,"column":5}},{"start":{"line":167,"column":11},"end":{"line":173,"column":5}}],"line":165},"12":{"loc":{"start":{"line":169,"column":6},"end":{"line":171,"column":7}},"type":"if","locations":[{"start":{"line":169,"column":6},"end":{"line":171,"column":7}},{"start":{},"end":{}}],"line":169},"13":{"loc":{"start":{"line":170,"column":16},"end":{"line":170,"column":89}},"type":"cond-expr","locations":[{"start":{"line":170,"column":71},"end":{"line":170,"column":75}},{"start":{"line":170,"column":78},"end":{"line":170,"column":89}}],"line":170},"14":{"loc":{"start":{"line":170,"column":16},"end":{"line":170,"column":68}},"type":"binary-expr","locations":[{"start":{"line":170,"column":16},"end":{"line":170,"column":41}},{"start":{"line":170,"column":45},"end":{"line":170,"column":68}}],"line":170},"15":{"loc":{"start":{"line":176,"column":4},"end":{"line":184,"column":5}},"type":"if","locations":[{"start":{"line":176,"column":4},"end":{"line":184,"column":5}},{"start":{"line":178,"column":11},"end":{"line":184,"column":5}}],"line":176},"16":{"loc":{"start":{"line":178,"column":11},"end":{"line":184,"column":5}},"type":"if","locations":[{"start":{"line":178,"column":11},"end":{"line":184,"column":5}},{"start":{"line":180,"column":11},"end":{"line":184,"column":5}}],"line":178},"17":{"loc":{"start":{"line":181,"column":19},"end":{"line":182,"column":48}},"type":"cond-expr","locations":[{"start":{"line":182,"column":10},"end":{"line":182,"column":29}},{"start":{"line":182,"column":32},"end":{"line":182,"column":48}}],"line":181},"18":{"loc":{"start":{"line":181,"column":19},"end":{"line":181,"column":63}},"type":"binary-expr","locations":[{"start":{"line":181,"column":19},"end":{"line":181,"column":39}},{"start":{"line":181,"column":43},"end":{"line":181,"column":63}}],"line":181},"19":{"loc":{"start":{"line":182,"column":32},"end":{"line":182,"column":48}},"type":"binary-expr","locations":[{"start":{"line":182,"column":32},"end":{"line":182,"column":43}},{"start":{"line":182,"column":47},"end":{"line":182,"column":48}}],"line":182},"20":{"loc":{"start":{"line":188,"column":4},"end":{"line":197,"column":5}},"type":"if","locations":[{"start":{"line":188,"column":4},"end":{"line":197,"column":5}},{"start":{"line":189,"column":9},"end":{"line":197,"column":5}}],"line":188},"21":{"loc":{"start":{"line":189,"column":9},"end":{"line":197,"column":5}},"type":"if","locations":[{"start":{"line":189,"column":9},"end":{"line":197,"column":5}},{"start":{"line":191,"column":11},"end":{"line":197,"column":5}}],"line":189},"22":{"loc":{"start":{"line":191,"column":11},"end":{"line":197,"column":5}},"type":"if","locations":[{"start":{"line":191,"column":11},"end":{"line":197,"column":5}},{"start":{"line":193,"column":11},"end":{"line":197,"column":5}}],"line":191},"23":{"loc":{"start":{"line":193,"column":11},"end":{"line":197,"column":5}},"type":"if","locations":[{"start":{"line":193,"column":11},"end":{"line":197,"column":5}},{"start":{"line":195,"column":11},"end":{"line":197,"column":5}}],"line":193},"24":{"loc":{"start":{"line":200,"column":4},"end":{"line":202,"column":5}},"type":"if","locations":[{"start":{"line":200,"column":4},"end":{"line":202,"column":5}},{"start":{},"end":{}}],"line":200},"25":{"loc":{"start":{"line":203,"column":4},"end":{"line":205,"column":5}},"type":"if","locations":[{"start":{"line":203,"column":4},"end":{"line":205,"column":5}},{"start":{},"end":{}}],"line":203},"26":{"loc":{"start":{"line":206,"column":4},"end":{"line":214,"column":5}},"type":"if","locations":[{"start":{"line":206,"column":4},"end":{"line":214,"column":5}},{"start":{},"end":{}}],"line":206},"27":{"loc":{"start":{"line":216,"column":4},"end":{"line":223,"column":5}},"type":"if","locations":[{"start":{"line":216,"column":4},"end":{"line":223,"column":5}},{"start":{},"end":{}}],"line":216},"28":{"loc":{"start":{"line":300,"column":8},"end":{"line":300,"column":35}},"type":"if","locations":[{"start":{"line":300,"column":8},"end":{"line":300,"column":35}},{"start":{},"end":{}}],"line":300},"29":{"loc":{"start":{"line":319,"column":8},"end":{"line":319,"column":35}},"type":"if","locations":[{"start":{"line":319,"column":8},"end":{"line":319,"column":35}},{"start":{},"end":{}}],"line":319},"30":{"loc":{"start":{"line":350,"column":4},"end":{"line":350,"column":44}},"type":"if","locations":[{"start":{"line":350,"column":4},"end":{"line":350,"column":44}},{"start":{},"end":{}}],"line":350},"31":{"loc":{"start":{"line":350,"column":8},"end":{"line":350,"column":35}},"type":"binary-expr","locations":[{"start":{"line":350,"column":8},"end":{"line":350,"column":14}},{"start":{"line":350,"column":18},"end":{"line":350,"column":35}}],"line":350},"32":{"loc":{"start":{"line":365,"column":6},"end":{"line":365,"column":27}},"type":"if","locations":[{"start":{"line":365,"column":6},"end":{"line":365,"column":27}},{"start":{},"end":{}}],"line":365},"33":{"loc":{"start":{"line":412,"column":4},"end":{"line":427,"column":5}},"type":"if","locations":[{"start":{"line":412,"column":4},"end":{"line":427,"column":5}},{"start":{},"end":{}}],"line":412},"34":{"loc":{"start":{"line":416,"column":8},"end":{"line":416,"column":83}},"type":"if","locations":[{"start":{"line":416,"column":8},"end":{"line":416,"column":83}},{"start":{},"end":{}}],"line":416},"35":{"loc":{"start":{"line":429,"column":4},"end":{"line":445,"column":5}},"type":"if","locations":[{"start":{"line":429,"column":4},"end":{"line":445,"column":5}},{"start":{},"end":{}}],"line":429},"36":{"loc":{"start":{"line":429,"column":8},"end":{"line":429,"column":48}},"type":"binary-expr","locations":[{"start":{"line":429,"column":8},"end":{"line":429,"column":29}},{"start":{"line":429,"column":33},"end":{"line":429,"column":48}}],"line":429},"37":{"loc":{"start":{"line":451,"column":4},"end":{"line":485,"column":5}},"type":"if","locations":[{"start":{"line":451,"column":4},"end":{"line":485,"column":5}},{"start":{},"end":{}}],"line":451},"38":{"loc":{"start":{"line":461,"column":25},"end":{"line":462,"column":65}},"type":"cond-expr","locations":[{"start":{"line":462,"column":10},"end":{"line":462,"column":43}},{"start":{"line":462,"column":46},"end":{"line":462,"column":65}}],"line":461},"39":{"loc":{"start":{"line":463,"column":20},"end":{"line":463,"column":84}},"type":"binary-expr","locations":[{"start":{"line":463,"column":20},"end":{"line":463,"column":56}},{"start":{"line":463,"column":60},"end":{"line":463,"column":84}}],"line":463},"40":{"loc":{"start":{"line":466,"column":8},"end":{"line":466,"column":36}},"type":"if","locations":[{"start":{"line":466,"column":8},"end":{"line":466,"column":36}},{"start":{},"end":{}}],"line":466},"41":{"loc":{"start":{"line":468,"column":8},"end":{"line":468,"column":92}},"type":"if","locations":[{"start":{"line":468,"column":8},"end":{"line":468,"column":92}},{"start":{},"end":{}}],"line":468},"42":{"loc":{"start":{"line":468,"column":12},"end":{"line":468,"column":81}},"type":"binary-expr","locations":[{"start":{"line":468,"column":12},"end":{"line":468,"column":17}},{"start":{"line":468,"column":21},"end":{"line":468,"column":81}}],"line":468},"43":{"loc":{"start":{"line":474,"column":8},"end":{"line":477,"column":9}},"type":"if","locations":[{"start":{"line":474,"column":8},"end":{"line":477,"column":9}},{"start":{},"end":{}}],"line":474},"44":{"loc":{"start":{"line":480,"column":8},"end":{"line":482,"column":9}},"type":"if","locations":[{"start":{"line":480,"column":8},"end":{"line":482,"column":9}},{"start":{},"end":{}}],"line":480}},"s":{"0":0,"1":0,"2":0,"3":0,"4":0,"5":0,"6":0,"7":0,"8":0,"9":0,"10":0,"11":0,"12":0,"13":0,"14":0,"15":0,"16":0,"17":0,"18":0,"19":0,"20":0,"21":0,"22":0,"23":0,"24":0,"25":0,"26":0,"27":0,"28":0,"29":0,"30":0,"31":0,"32":0,"33":0,"34":0,"35":0,"36":0,"37":0,"38":0,"39":0,"40":0,"41":0,"42":0,"43":0,"44":0,"45":0,"46":0,"47":0,"48":0,"49":0,"50":0,"51":0,"52":0,"53":0,"54":0,"55":0,"56":0,"57":0,"58":0,"59":0,"60":0,"61":0,"62":0,"63":0,"64":0,"65":0,"66":0,"67":0,"68":0,"69":0,"70":0,"71":0,"72":0,"73":0,"74":0,"75":0,"76":0,"77":0,"78":0,"79":0,"80":0,"81":0,"82":0,"83":0,"84":0,"85":0,"86":0,"87":0,"88":0,"89":0,"90":0,"91":0,"92":0,"93":0,"94":0,"95":0,"96":0,"97":0,"98":0,"99":0,"100":0,"101":0,"102":0,"103":0,"104":0,"105":0,"106":0,"107":0,"108":0,"109":0,"110":0,"111":0,"112":0,"113":0,"114":0,"115":0,"116":0,"117":0,"118":0,"119":0,"120":0,"121":0,"122":0,"123":0,"124":0,"125":0,"126":0,"127":0,"128":0,"129":0,"130":0,"131":0,"132":0,"133":0,"134":0,"135":0,"136":0,"137":0,"138":0,"139":0,"140":0,"141":0,"142":0,"143":0,"144":0,"145":0,"146":0,"147":0,"148":0,"149":0,"150":0,"151":0,"152":0,"153":0,"154":0,"155":0,"156":0,"157":0,"158":0,"159":0,"160":0,"161":0,"162":0,"163":0,"164":0,"165":0,"166":0,"167":0,"168":0,"169":0,"170":0,"171":0,"172":0,"173":0,"174":0,"175":0,"176":0,"177":0,"178":0,"179":0,"180":0,"181":0,"182":0,"183":0,"184":0,"185":0,"186":0,"187":0,"188":0,"189":0,"190":0,"191":0,"192":0,"193":0,"194":0,"195":0,"196":0,"197":0,"198":0,"199":0,"200":0,"201":0,"202":0,"203":0,"204":0,"205":0,"206":0,"207":0,"208":0,"209":0,"210":0,"211":0,"212":0,"213":0,"214":0,"215":0,"216":0,"217":0,"218":0,"219":0,"220":0,"221":0,"222":0,"223":0,"224":0,"225":0,"226":0,"227":0,"228":0,"229":0,"230":0,"231":0,"232":0,"233":0,"234":0,"235":0,"236":0,"237":0,"238":0,"239":0,"240":0,"241":0,"242":0,"243":0,"244":0,"245":0,"246":0,"247":0,"248":0,"249":0,"250":0,"251":0,"252":0,"253":0,"254":0,"255":0,"256":0,"257":0,"258":0,"259":0,"260":0,"261":0,"262":0,"263":0,"264":0,"265":0,"266":0,"267":0,"268":0},"f":{"0":0,"1":0,"2":0,"3":0,"4":0,"5":0,"6":0,"7":0,"8":0,"9":0,"10":0,"11":0,"12":0,"13":0,"14":0,"15":0,"16":0,"17":0,"18":0,"19":0,"20":0,"21":0,"22":0,"23":0},"b":{"0":[0,0],"1":[0,0],"2":[0,0],"3":[0,0],"4":[0,0],"5":[0,0],"6":[0,0],"7":[0,0],"8":[0,0],"9":[0,0],"10":[0,0],"11":[0,0],"12":[0,0],"13":[0,0],"14":[0,0],"15":[0,0],"16":[0,0],"17":[0,0],"18":[0,0],"19":[0,0],"20":[0,0],"21":[0,0],"22":[0,0],"23":[0,0],"24":[0,0],"25":[0,0],"26":[0,0],"27":[0,0],"28":[0,0],"29":[0,0],"30":[0,0],"31":[0,0],"32":[0,0],"33":[0,0],"34":[0,0],"35":[0,0],"36":[0,0],"37":[0,0],"38":[0,0],"39":[0,0],"40":[0,0],"41":[0,0],"42":[0,0],"43":[0,0],"44":[0,0]}}
,"/Users/ajoslin/Development/EPC/ReactIndoorMapping/src/grid/GridManager.js": {"path":"/Users/ajoslin/Development/EPC/ReactIndoorMapping/src/grid/GridManager.js","statementMap":{"0":{"start":{"line":29,"column":4},"end":{"line":29,"column":19}},"1":{"start":{"line":30,"column":4},"end":{"line":30,"column":60}},"2":{"start":{"line":31,"column":4},"end":{"line":31,"column":42}},"3":{"start":{"line":32,"column":4},"end":{"line":32,"column":22}},"4":{"start":{"line":33,"column":4},"end":{"line":33,"column":75}},"5":{"start":{"line":34,"column":4},"end":{"line":34,"column":42}},"6":{"start":{"line":35,"column":4},"end":{"line":35,"column":45}},"7":{"start":{"line":36,"column":4},"end":{"line":36,"column":74}},"8":{"start":{"line":37,"column":4},"end":{"line":37,"column":53}},"9":{"start":{"line":38,"column":4},"end":{"line":38,"column":84}},"10":{"start":{"line":39,"column":4},"end":{"line":41,"column":5}},"11":{"start":{"line":40,"column":6},"end":{"line":40,"column":22}},"12":{"start":{"line":52,"column":4},"end":{"line":52,"column":35}},"13":{"start":{"line":52,"column":23},"end":{"line":52,"column":35}},"14":{"start":{"line":53,"column":4},"end":{"line":60,"column":7}},"15":{"start":{"line":61,"column":4},"end":{"line":63,"column":5}},"16":{"start":{"line":62,"column":6},"end":{"line":62,"column":24}},"17":{"start":{"line":65,"column":4},"end":{"line":65,"column":16}},"18":{"start":{"line":78,"column":4},"end":{"line":78,"column":28}},"19":{"start":{"line":79,"column":4},"end":{"line":89,"column":5}},"20":{"start":{"line":80,"column":6},"end":{"line":88,"column":7}},"21":{"start":{"line":81,"column":8},"end":{"line":81,"column":26}},"22":{"start":{"line":82,"column":13},"end":{"line":88,"column":7}},"23":{"start":{"line":84,"column":24},"end":{"line":84,"column":53}},"24":{"start":{"line":85,"column":8},"end":{"line":87,"column":9}},"25":{"start":{"line":86,"column":10},"end":{"line":86,"column":75}},"26":{"start":{"line":91,"column":4},"end":{"line":91,"column":46}},"27":{"start":{"line":92,"column":4},"end":{"line":92,"column":16}},"28":{"start":{"line":105,"column":4},"end":{"line":105,"column":28}},"29":{"start":{"line":106,"column":4},"end":{"line":111,"column":5}},"30":{"start":{"line":107,"column":6},"end":{"line":107,"column":37}},"31":{"start":{"line":108,"column":6},"end":{"line":110,"column":7}},"32":{"start":{"line":109,"column":8},"end":{"line":109,"column":26}},"33":{"start":{"line":113,"column":4},"end":{"line":113,"column":43}},"34":{"start":{"line":114,"column":4},"end":{"line":114,"column":16}},"35":{"start":{"line":123,"column":4},"end":{"line":123,"column":24}},"36":{"start":{"line":124,"column":4},"end":{"line":129,"column":5}},"37":{"start":{"line":125,"column":6},"end":{"line":125,"column":35}},"38":{"start":{"line":126,"column":6},"end":{"line":128,"column":7}},"39":{"start":{"line":127,"column":8},"end":{"line":127,"column":26}},"40":{"start":{"line":131,"column":4},"end":{"line":131,"column":39}},"41":{"start":{"line":132,"column":4},"end":{"line":132,"column":16}},"42":{"start":{"line":141,"column":4},"end":{"line":141,"column":28}},"43":{"start":{"line":142,"column":4},"end":{"line":147,"column":5}},"44":{"start":{"line":143,"column":6},"end":{"line":143,"column":37}},"45":{"start":{"line":144,"column":6},"end":{"line":146,"column":7}},"46":{"start":{"line":145,"column":8},"end":{"line":145,"column":26}},"47":{"start":{"line":149,"column":4},"end":{"line":149,"column":43}},"48":{"start":{"line":150,"column":4},"end":{"line":150,"column":16}},"49":{"start":{"line":159,"column":4},"end":{"line":159,"column":28}},"50":{"start":{"line":160,"column":4},"end":{"line":165,"column":5}},"51":{"start":{"line":161,"column":6},"end":{"line":161,"column":46}},"52":{"start":{"line":162,"column":6},"end":{"line":164,"column":7}},"53":{"start":{"line":163,"column":8},"end":{"line":163,"column":26}},"54":{"start":{"line":167,"column":4},"end":{"line":167,"column":51}},"55":{"start":{"line":168,"column":4},"end":{"line":168,"column":16}},"56":{"start":{"line":177,"column":4},"end":{"line":177,"column":26}},"57":{"start":{"line":178,"column":4},"end":{"line":187,"column":5}},"58":{"start":{"line":179,"column":6},"end":{"line":179,"column":22}},"59":{"start":{"line":180,"column":11},"end":{"line":187,"column":5}},"60":{"start":{"line":181,"column":6},"end":{"line":181,"column":33}},"61":{"start":{"line":182,"column":6},"end":{"line":182,"column":51}},"62":{"start":{"line":184,"column":6},"end":{"line":186,"column":7}},"63":{"start":{"line":185,"column":8},"end":{"line":185,"column":26}},"64":{"start":{"line":189,"column":4},"end":{"line":189,"column":16}},"65":{"start":{"line":198,"column":4},"end":{"line":198,"column":44}},"66":{"start":{"line":199,"column":4},"end":{"line":201,"column":5}},"67":{"start":{"line":200,"column":6},"end":{"line":200,"column":49}},"68":{"start":{"line":202,"column":4},"end":{"line":202,"column":16}},"69":{"start":{"line":210,"column":4},"end":{"line":212,"column":5}},"70":{"start":{"line":211,"column":6},"end":{"line":211,"column":24}},"71":{"start":{"line":213,"column":4},"end":{"line":213,"column":16}},"72":{"start":{"line":221,"column":4},"end":{"line":221,"column":22}},"73":{"start":{"line":229,"column":4},"end":{"line":236,"column":6}}},"fnMap":{"0":{"name":"(anonymous_0)","decl":{"start":{"line":28,"column":2},"end":{"line":28,"column":3}},"loc":{"start":{"line":28,"column":28},"end":{"line":42,"column":3}},"line":28},"1":{"name":"(anonymous_1)","decl":{"start":{"line":51,"column":2},"end":{"line":51,"column":3}},"loc":{"start":{"line":51,"column":13},"end":{"line":66,"column":3}},"line":51},"2":{"name":"(anonymous_2)","decl":{"start":{"line":77,"column":2},"end":{"line":77,"column":3}},"loc":{"start":{"line":77,"column":22},"end":{"line":93,"column":3}},"line":77},"3":{"name":"(anonymous_3)","decl":{"start":{"line":104,"column":2},"end":{"line":104,"column":3}},"loc":{"start":{"line":104,"column":22},"end":{"line":115,"column":3}},"line":104},"4":{"name":"(anonymous_4)","decl":{"start":{"line":122,"column":2},"end":{"line":122,"column":3}},"loc":{"start":{"line":122,"column":18},"end":{"line":133,"column":3}},"line":122},"5":{"name":"(anonymous_5)","decl":{"start":{"line":140,"column":2},"end":{"line":140,"column":3}},"loc":{"start":{"line":140,"column":22},"end":{"line":151,"column":3}},"line":140},"6":{"name":"(anonymous_6)","decl":{"start":{"line":158,"column":2},"end":{"line":158,"column":3}},"loc":{"start":{"line":158,"column":22},"end":{"line":169,"column":3}},"line":158},"7":{"name":"(anonymous_7)","decl":{"start":{"line":176,"column":2},"end":{"line":176,"column":3}},"loc":{"start":{"line":176,"column":20},"end":{"line":190,"column":3}},"line":176},"8":{"name":"(anonymous_8)","decl":{"start":{"line":197,"column":2},"end":{"line":197,"column":3}},"loc":{"start":{"line":197,"column":38},"end":{"line":203,"column":3}},"line":197},"9":{"name":"(anonymous_9)","decl":{"start":{"line":209,"column":2},"end":{"line":209,"column":3}},"loc":{"start":{"line":209,"column":11},"end":{"line":214,"column":3}},"line":209},"10":{"name":"(anonymous_10)","decl":{"start":{"line":220,"column":2},"end":{"line":220,"column":3}},"loc":{"start":{"line":220,"column":12},"end":{"line":222,"column":3}},"line":220},"11":{"name":"(anonymous_11)","decl":{"start":{"line":228,"column":2},"end":{"line":228,"column":3}},"loc":{"start":{"line":228,"column":16},"end":{"line":237,"column":3}},"line":228}},"branchMap":{"0":{"loc":{"start":{"line":28,"column":14},"end":{"line":28,"column":26}},"type":"default-arg","locations":[{"start":{"line":28,"column":24},"end":{"line":28,"column":26}}],"line":28},"1":{"loc":{"start":{"line":30,"column":28},"end":{"line":30,"column":59}},"type":"binary-expr","locations":[{"start":{"line":30,"column":28},"end":{"line":30,"column":51}},{"start":{"line":30,"column":55},"end":{"line":30,"column":59}}],"line":30},"2":{"loc":{"start":{"line":31,"column":19},"end":{"line":31,"column":41}},"type":"binary-expr","locations":[{"start":{"line":31,"column":19},"end":{"line":31,"column":33}},{"start":{"line":31,"column":37},"end":{"line":31,"column":41}}],"line":31},"3":{"loc":{"start":{"line":33,"column":20},"end":{"line":33,"column":74}},"type":"cond-expr","locations":[{"start":{"line":33,"column":52},"end":{"line":33,"column":67}},{"start":{"line":33,"column":70},"end":{"line":33,"column":74}}],"line":33},"4":{"loc":{"start":{"line":34,"column":20},"end":{"line":34,"column":41}},"type":"binary-expr","locations":[{"start":{"line":34,"column":20},"end":{"line":34,"column":35}},{"start":{"line":34,"column":39},"end":{"line":34,"column":41}}],"line":34},"5":{"loc":{"start":{"line":35,"column":18},"end":{"line":35,"column":44}},"type":"binary-expr","locations":[{"start":{"line":35,"column":18},"end":{"line":35,"column":31}},{"start":{"line":35,"column":35},"end":{"line":35,"column":44}}],"line":35},"6":{"loc":{"start":{"line":36,"column":20},"end":{"line":36,"column":73}},"type":"cond-expr","locations":[{"start":{"line":36,"column":52},"end":{"line":36,"column":67}},{"start":{"line":36,"column":70},"end":{"line":36,"column":73}}],"line":36},"7":{"loc":{"start":{"line":37,"column":22},"end":{"line":37,"column":52}},"type":"binary-expr","locations":[{"start":{"line":37,"column":22},"end":{"line":37,"column":39}},{"start":{"line":37,"column":43},"end":{"line":37,"column":52}}],"line":37},"8":{"loc":{"start":{"line":38,"column":23},"end":{"line":38,"column":83}},"type":"cond-expr","locations":[{"start":{"line":38,"column":58},"end":{"line":38,"column":76}},{"start":{"line":38,"column":79},"end":{"line":38,"column":83}}],"line":38},"9":{"loc":{"start":{"line":39,"column":4},"end":{"line":41,"column":5}},"type":"if","locations":[{"start":{"line":39,"column":4},"end":{"line":41,"column":5}},{"start":{},"end":{}}],"line":39},"10":{"loc":{"start":{"line":52,"column":4},"end":{"line":52,"column":35}},"type":"if","locations":[{"start":{"line":52,"column":4},"end":{"line":52,"column":35}},{"start":{},"end":{}}],"line":52},"11":{"loc":{"start":{"line":61,"column":4},"end":{"line":63,"column":5}},"type":"if","locations":[{"start":{"line":61,"column":4},"end":{"line":63,"column":5}},{"start":{},"end":{}}],"line":61},"12":{"loc":{"start":{"line":61,"column":8},"end":{"line":61,"column":35}},"type":"binary-expr","locations":[{"start":{"line":61,"column":8},"end":{"line":61,"column":18}},{"start":{"line":61,"column":22},"end":{"line":61,"column":35}}],"line":61},"13":{"loc":{"start":{"line":79,"column":4},"end":{"line":89,"column":5}},"type":"if","locations":[{"start":{"line":79,"column":4},"end":{"line":89,"column":5}},{"start":{},"end":{}}],"line":79},"14":{"loc":{"start":{"line":80,"column":6},"end":{"line":88,"column":7}},"type":"if","locations":[{"start":{"line":80,"column":6},"end":{"line":88,"column":7}},{"start":{"line":82,"column":13},"end":{"line":88,"column":7}}],"line":80},"15":{"loc":{"start":{"line":82,"column":13},"end":{"line":88,"column":7}},"type":"if","locations":[{"start":{"line":82,"column":13},"end":{"line":88,"column":7}},{"start":{},"end":{}}],"line":82},"16":{"loc":{"start":{"line":85,"column":8},"end":{"line":87,"column":9}},"type":"if","locations":[{"start":{"line":85,"column":8},"end":{"line":87,"column":9}},{"start":{},"end":{}}],"line":85},"17":{"loc":{"start":{"line":106,"column":4},"end":{"line":111,"column":5}},"type":"if","locations":[{"start":{"line":106,"column":4},"end":{"line":111,"column":5}},{"start":{},"end":{}}],"line":106},"18":{"loc":{"start":{"line":108,"column":6},"end":{"line":110,"column":7}},"type":"if","locations":[{"start":{"line":108,"column":6},"end":{"line":110,"column":7}},{"start":{},"end":{}}],"line":108},"19":{"loc":{"start":{"line":124,"column":4},"end":{"line":129,"column":5}},"type":"if","locations":[{"start":{"line":124,"column":4},"end":{"line":129,"column":5}},{"start":{},"end":{}}],"line":124},"20":{"loc":{"start":{"line":126,"column":6},"end":{"line":128,"column":7}},"type":"if","locations":[{"start":{"line":126,"column":6},"end":{"line":128,"column":7}},{"start":{},"end":{}}],"line":126},"21":{"loc":{"start":{"line":142,"column":4},"end":{"line":147,"column":5}},"type":"if","locations":[{"start":{"line":142,"column":4},"end":{"line":147,"column":5}},{"start":{},"end":{}}],"line":142},"22":{"loc":{"start":{"line":144,"column":6},"end":{"line":146,"column":7}},"type":"if","locations":[{"start":{"line":144,"column":6},"end":{"line":146,"column":7}},{"start":{},"end":{}}],"line":144},"23":{"loc":{"start":{"line":160,"column":4},"end":{"line":165,"column":5}},"type":"if","locations":[{"start":{"line":160,"column":4},"end":{"line":165,"column":5}},{"start":{},"end":{}}],"line":160},"24":{"loc":{"start":{"line":162,"column":6},"end":{"line":164,"column":7}},"type":"if","locations":[{"start":{"line":162,"column":6},"end":{"line":164,"column":7}},{"start":{},"end":{}}],"line":162},"25":{"loc":{"start":{"line":178,"column":4},"end":{"line":187,"column":5}},"type":"if","locations":[{"start":{"line":178,"column":4},"end":{"line":187,"column":5}},{"start":{"line":180,"column":11},"end":{"line":187,"column":5}}],"line":178},"26":{"loc":{"start":{"line":178,"column":8},"end":{"line":178,"column":29}},"type":"binary-expr","locations":[{"start":{"line":178,"column":8},"end":{"line":178,"column":14}},{"start":{"line":178,"column":18},"end":{"line":178,"column":29}}],"line":178},"27":{"loc":{"start":{"line":180,"column":11},"end":{"line":187,"column":5}},"type":"if","locations":[{"start":{"line":180,"column":11},"end":{"line":187,"column":5}},{"start":{},"end":{}}],"line":180},"28":{"loc":{"start":{"line":180,"column":15},"end":{"line":180,"column":35}},"type":"binary-expr","locations":[{"start":{"line":180,"column":15},"end":{"line":180,"column":21}},{"start":{"line":180,"column":25},"end":{"line":180,"column":35}}],"line":180},"29":{"loc":{"start":{"line":184,"column":6},"end":{"line":186,"column":7}},"type":"if","locations":[{"start":{"line":184,"column":6},"end":{"line":186,"column":7}},{"start":{},"end":{}}],"line":184},"30":{"loc":{"start":{"line":199,"column":4},"end":{"line":201,"column":5}},"type":"if","locations":[{"start":{"line":199,"column":4},"end":{"line":201,"column":5}},{"start":{},"end":{}}],"line":199},"31":{"loc":{"start":{"line":199,"column":8},"end":{"line":199,"column":53}},"type":"binary-expr","locations":[{"start":{"line":199,"column":8},"end":{"line":199,"column":23}},{"start":{"line":199,"column":27},"end":{"line":199,"column":53}}],"line":199},"32":{"loc":{"start":{"line":210,"column":4},"end":{"line":212,"column":5}},"type":"if","locations":[{"start":{"line":210,"column":4},"end":{"line":212,"column":5}},{"start":{},"end":{}}],"line":210},"33":{"loc":{"start":{"line":210,"column":8},"end":{"line":210,"column":35}},"type":"binary-expr","locations":[{"start":{"line":210,"column":8},"end":{"line":210,"column":18}},{"start":{"line":210,"column":22},"end":{"line":210,"column":35}}],"line":210}},"s":{"0":0,"1":0,"2":0,"3":0,"4":0,"5":0,"6":0,"7":0,"8":0,"9":0,"10":0,"11":0,"12":0,"13":0,"14":0,"15":0,"16":0,"17":0,"18":0,"19":0,"20":0,"21":0,"22":0,"23":0,"24":0,"25":0,"26":0,"27":0,"28":0,"29":0,"30":0,"31":0,"32":0,"33":0,"34":0,"35":0,"36":0,"37":0,"38":0,"39":0,"40":0,"41":0,"42":0,"43":0,"44":0,"45":0,"46":0,"47":0,"48":0,"49":0,"50":0,"51":0,"52":0,"53":0,"54":0,"55":0,"56":0,"57":0,"58":0,"59":0,"60":0,"61":0,"62":0,"63":0,"64":0,"65":0,"66":0,"67":0,"68":0,"69":0,"70":0,"71":0,"72":0,"73":0},"f":{"0":0,"1":0,"2":0,"3":0,"4":0,"5":0,"6":0,"7":0,"8":0,"9":0,"10":0,"11":0},"b":{"0":[0],"1":[0,0],"2":[0,0],"3":[0,0],"4":[0,0],"5":[0,0],"6":[0,0],"7":[0,0],"8":[0,0],"9":[0,0],"10":[0,0],"11":[0,0],"12":[0,0],"13":[0,0],"14":[0,0],"15":[0,0],"16":[0,0],"17":[0,0],"18":[0,0],"19":[0,0],"20":[0,0],"21":[0,0],"22":[0,0],"23":[0,0],"24":[0,0],"25":[0,0],"26":[0,0],"27":[0,0],"28":[0,0],"29":[0,0],"30":[0,0],"31":[0,0],"32":[0,0],"33":[0,0]},"_coverageSchema":"1a1c01bbd47fc00a2c39e90264f33305004495a9","hash":"af9a02e988de91caf5587d53169db5532e410ed7"}
,"/Users/ajoslin/Development/EPC/ReactIndoorMapping/src/grid/gridStyle.js": {"path":"/Users/ajoslin/Development/EPC/ReactIndoorMapping/src/grid/gridStyle.js","statementMap":{"0":{"start":{"line":7,"column":18},"end":{"line":63,"column":1}},"1":{"start":{"line":12,"column":18},"end":{"line":12,"column":34}},"2":{"start":{"line":14,"column":17},"end":{"line":14,"column":77}},"3":{"start":{"line":15,"column":4},"end":{"line":16,"column":71}},"4":{"start":{"line":19,"column":4},"end":{"line":19,"column":29}},"5":{"start":{"line":19,"column":22},"end":{"line":19,"column":29}},"6":{"start":{"line":20,"column":18},"end":{"line":20,"column":34}},"7":{"start":{"line":22,"column":18},"end":{"line":22,"column":41}},"8":{"start":{"line":23,"column":18},"end":{"line":23,"column":41}},"9":{"start":{"line":25,"column":17},"end":{"line":25,"column":27}},"10":{"start":{"line":26,"column":18},"end":{"line":26,"column":37}},"11":{"start":{"line":27,"column":20},"end":{"line":27,"column":31}},"12":{"start":{"line":28,"column":21},"end":{"line":28,"column":38}},"13":{"start":{"line":29,"column":16},"end":{"line":29,"column":25}},"14":{"start":{"line":30,"column":19},"end":{"line":34,"column":6}},"15":{"start":{"line":31,"column":6},"end":{"line":31,"column":53}},"16":{"start":{"line":31,"column":40},"end":{"line":31,"column":53}},"17":{"start":{"line":32,"column":6},"end":{"line":32,"column":52}},"18":{"start":{"line":32,"column":39},"end":{"line":32,"column":52}},"19":{"start":{"line":33,"column":6},"end":{"line":33,"column":18}},"20":{"start":{"line":35,"column":4},"end":{"line":35,"column":18}},"21":{"start":{"line":38,"column":4},"end":{"line":38,"column":29}},"22":{"start":{"line":38,"column":22},"end":{"line":38,"column":29}},"23":{"start":{"line":39,"column":18},"end":{"line":39,"column":34}},"24":{"start":{"line":40,"column":17},"end":{"line":40,"column":79}},"25":{"start":{"line":41,"column":16},"end":{"line":41,"column":25}},"26":{"start":{"line":42,"column":22},"end":{"line":42,"column":41}},"27":{"start":{"line":43,"column":4},"end":{"line":47,"column":7}},"28":{"start":{"line":44,"column":6},"end":{"line":44,"column":49}},"29":{"start":{"line":44,"column":37},"end":{"line":44,"column":49}},"30":{"start":{"line":45,"column":6},"end":{"line":45,"column":41}},"31":{"start":{"line":45,"column":29},"end":{"line":45,"column":41}},"32":{"start":{"line":46,"column":6},"end":{"line":46,"column":23}},"33":{"start":{"line":50,"column":4},"end":{"line":50,"column":29}},"34":{"start":{"line":50,"column":22},"end":{"line":50,"column":29}},"35":{"start":{"line":51,"column":18},"end":{"line":51,"column":34}},"36":{"start":{"line":53,"column":17},"end":{"line":53,"column":79}},"37":{"start":{"line":55,"column":16}
[...]
7}},"63":{"start":{"line":142,"column":6},"end":{"line":142,"column":30}},"64":{"start":{"line":145,"column":4},"end":{"line":179,"column":7}},"65":{"start":{"line":146,"column":6},"end":{"line":146,"column":40}},"66":{"start":{"line":147,"column":20},"end":{"line":147,"column":46}},"67":{"start":{"line":148,"column":6},"end":{"line":148,"column":31}},"68":{"start":{"line":148,"column":24},"end":{"line":148,"column":31}},"69":{"start":{"line":149,"column":6},"end":{"line":178,"column":7}},"70":{"start":{"line":150,"column":21},"end":{"line":159,"column":10}},"71":{"start":{"line":160,"column":8},"end":{"line":163,"column":23}},"72":{"start":{"line":165,"column":8},"end":{"line":165,"column":31}},"73":{"start":{"line":166,"column":13},"end":{"line":178,"column":7}},"74":{"start":{"line":167,"column":8},"end":{"line":167,"column":34}},"75":{"start":{"line":168,"column":8},"end":{"line":176,"column":9}},"76":{"start":{"line":169,"column":10},"end":{"line":169,"column":43}},"77":{"start":{"line":171,"column":10},"end":{"line":174,"column":13}},"78":{"start":{"line":175,"column":10},"end":{"line":175,"column":44}},"79":{"start":{"line":177,"column":8},"end":{"line":177,"column":39}},"80":{"start":{"line":181,"column":4},"end":{"line":187,"column":7}},"81":{"start":{"line":182,"column":6},"end":{"line":182,"column":35}},"82":{"start":{"line":183,"column":6},"end":{"line":186,"column":7}},"83":{"start":{"line":184,"column":8},"end":{"line":184,"column":43}},"84":{"start":{"line":185,"column":8},"end":{"line":185,"column":32}},"85":{"start":{"line":189,"column":4},"end":{"line":191,"column":7}},"86":{"start":{"line":190,"column":6},"end":{"line":190,"column":28}},"87":{"start":{"line":193,"column":4},"end":{"line":195,"column":7}},"88":{"start":{"line":194,"column":6},"end":{"line":194,"column":30}},"89":{"start":{"line":199,"column":4},"end":{"line":199,"column":54}},"90":{"start":{"line":200,"column":4},"end":{"line":202,"column":7}},"91":{"start":{"line":201,"column":6},"end":{"line":201,"column":30}},"92":{"start":{"line":203,"column":4},"end":{"line":203,"column":50}},"93":{"start":{"line":207,"column":4},"end":{"line":207,"column":29}},"94":{"start":{"line":207,"column":22},"end":{"line":207,"column":29}},"95":{"start":{"line":209,"column":19},"end":{"line":209,"column":30}},"96":{"start":{"line":211,"column":4},"end":{"line":214,"column":5}},"97":{"start":{"line":212,"column":6},"end":{"line":212,"column":43}},"98":{"start":{"line":213,"column":6},"end":{"line":213,"column":30}},"99":{"start":{"line":216,"column":26},"end":{"line":216,"column":29}},"100":{"start":{"line":217,"column":22},"end":{"line":217,"column":26}},"101":{"start":{"line":218,"column":4},"end":{"line":250,"column":5}},"102":{"start":{"line":219,"column":6},"end":{"line":227,"column":9}},"103":{"start":{"line":228,"column":11},"end":{"line":250,"column":5}},"104":{"start":{"line":229,"column":6},"end":{"line":239,"column":9}},"105":{"start":{"line":241,"column":6},"end":{"line":249,"column":9}},"106":{"start":{"line":252,"column":4},"end":{"line":257,"column":5}},"107":{"start":{"line":253,"column":6},"end":{"line":253,"column":25}},"108":{"start":{"line":254,"column":6},"end":{"line":254,"column":44}},"109":{"start":{"line":256,"column":6},"end":{"line":256,"column":41}},"110":{"start":{"line":258,"column":4},"end":{"line":260,"column":5}},"111":{"start":{"line":259,"column":6},"end":{"line":259,"column":35}},"112":{"start":{"line":261,"column":4},"end":{"line":261,"column":35}},"113":{"start":{"line":265,"column":19},"end":{"line":265,"column":30}},"114":{"start":{"line":266,"column":25},"end":{"line":266,"column":57}},"115":{"start":{"line":267,"column":4},"end":{"line":267,"column":52}},"116":{"start":{"line":268,"column":4},"end":{"line":268,"column":67}},"117":{"start":{"line":269,"column":4},"end":{"line":269,"column":45}},"118":{"start":{"line":270,"column":4},"end":{"line":270,"column":33}},"119":{"start":{"line":271,"column":4},"end":{"line":271,"column":46}},"120":{"start":{"line":272,"column":4},"end":{"line":272,"column":66}},"121":{"start":{"line":273,"column":4},"end":{"line":273,"column":69}},"122":{"start":{"line":274,"column":4},"end":{"line":274,"column":37}},"123":{"start":{"line":275,"column":4},"end":{"line":275,"column":34}},"124":{"start":{"line":276,"column":4},"end":{"line":276,"column":56}},"125":{"start":{"line":277,"column":4},"end":{"line":277,"column":24}},"126":{"start":{"line":281,"column":4},"end":{"line":281,"column":30}},"127":{"start":{"line":282,"column":4},"end":{"line":282,"column":47}},"128":{"start":{"line":284,"column":16},"end":{"line":284,"column":45}},"129":{"start":{"line":285,"column":4},"end":{"line":289,"column":5}},"130":{"start":{"line":286,"column":6},"end":{"line":286,"column":31}},"131":{"start":{"line":287,"column":6},"end":{"line":287,"column":29}},"132":{"start":{"line":288,"column":6},"end":{"line":288,"column":37}},"133":{"start":{"line":291,"column":4},"end":{"line":291,"column":34}},"134":{"start":{"line":291,"column":27},"end":{"line":291,"column":34}},"135":{"start":{"line":293,"column":4},"end":{"line":300,"column":26}},"136":{"start":{"line":304,"column":4},"end":{"line":304,"column":27}},"137":{"start":{"line":305,"column":4},"end":{"line":305,"column":47}},"138":{"start":{"line":307,"column":4},"end":{"line":307,"column":34}},"139":{"start":{"line":307,"column":27},"end":{"line":307,"column":34}},"140":{"start":{"line":309,"column":4},"end":{"line":316,"column":26}},"141":{"start":{"line":320,"column":4},"end":{"line":320,"column":29}},"142":{"start":{"line":321,"column":16},"end":{"line":321,"column":45}},"143":{"start":{"line":322,"column":4},"end":{"line":325,"column":5}},"144":{"start":{"line":323,"column":6},"end":{"line":323,"column":36}},"145":{"start":{"line":324,"column":6},"end":{"line":324,"column":37}},"146":{"start":{"line":329,"column":4},"end":{"line":329,"column":21}},"147":{"start":{"line":330,"column":4},"end":{"line":330,"column":24}},"148":{"start":{"line":334,"column":22},"end":{"line":334,"column":76}},"149":{"start":{"line":334,"column":46},"end":{"line":334,"column":76}}},"fnMap":{"0":{"name":"(anonymous_0)","decl":{"start":{"line":13,"column":2},"end":{"line":13,"column":3}},"loc":{"start":{"line":13,"column":34},"end":{"line":39,"column":3}},"line":13},"1":{"name":"(anonymous_1)","decl":{"start":{"line":41,"column":2},"end":{"line":41,"column":3}},"loc":{"start":{"line":41,"column":21},"end":{"line":46,"column":3}},"line":41},"2":{"name":"(anonymous_2)","decl":{"start":{"line":48,"column":2},"end":{"line":48,"column":3}},"loc":{"start":{"line":48,"column":18},"end":{"line":50,"column":3}},"line":48},"3":{"name":"(anonymous_3)","decl":{"start":{"line":52,"column":2},"end":{"line":52,"column":3}},"loc":{"start":{"line":52,"column":20},"end":{"line":57,"column":3}},"line":52},"4":{"name":"(anonymous_4)","decl":{"start":{"line":59,"column":2},"end":{"line":59,"column":3}},"loc":{"start":{"line":59,"column":17},"end":{"line":61,"column":3}},"line":59},"5":{"name":"(anonymous_5)","decl":{"start":{"line":63,"column":2},"end":{"line":63,"column":3}},"loc":{"start":{"line":63,"column":19},"end":{"line":68,"column":3}},"line":63},"6":{"name":"(anonymous_6)","decl":{"start":{"line":70,"column":2},"end":{"line":70,"column":3}},"loc":{"start":{"line":70,"column":16},"end":{"line":72,"column":3}},"line":70},"7":{"name":"(anonymous_7)","decl":{"start":{"line":74,"column":2},"end":{"line":74,"column":3}},"loc":{"start":{"line":74,"column":18},"end":{"line":79,"column":3}},"line":74},"8":{"name":"(anonymous_8)","decl":{"start":{"line":81,"column":2},"end":{"line":81,"column":3}},"loc":{"start":{"line":81,"column":15},"end":{"line":83,"column":3}},"line":81},"9":{"name":"(anonymous_9)","decl":{"start":{"line":85,"column":2},"end":{"line":85,"column":3}},"loc":{"start":{"line":85,"column":18},"end":{"line":91,"column":3}},"line":85},"10":{"name":"(anonymous_10)","decl":{"start":{"line":88,"column":33},"end":{"line":88,"column":34}},"loc":{"start":{"line":88,"column":40},"end":{"line":90,"column":5}},"line":88},"11":{"name":"(anonymous_11)","decl":{"start":{"line":93,"column":2},"end":{"line":93,"column":3}},"loc":{"start":{"line":93,"column":17},"end":{"line":196,"column":3}},"line":93},"12":{"name":"(anonymous_12)","decl":{"start":{"line":95,"column":28},"end":{"line":95,"column":29}},"loc":{"start":{"line":95,"column":35},"end":{"line":115,"column":5}},"line":95},"13":{"name":"(anonymous_13)","decl":{"start":{"line":117,"column":27},"end":{"line":117,"column":28}},"loc":{"start":{"line":117,"column":33},"end":{"line":128,"column":5}},"line":117},"14":{"name":"(anonymous_14)","decl":{"start":{"line":130,"column":26},"end":{"line":130,"column":27}},"loc":{"start":{"line":130,"column":35},"end":{"line":135,"column":5}},"line":130},"15":{"name":"(anonymous_15)","decl":{"start":{"line":137,"column":28},"end":{"line":137,"column":29}},"loc":{"start":{"line":137,"column":37},"end":{"line":139,"column":5}},"line":137},"16":{"name":"(anonymous_16)","decl":{"start":{"line":141,"column":28},"end":{"line":141,"column":29}},"loc":{"start":{"line":141,"column":37},"end":{"line":143,"column":5}},"line":141},"17":{"name":"(anonymous_17)","decl":{"start":{"line":145,"column":29},"end":{"line":145,"column":30}},"loc":{"start":{"line":145,"column":38},"end":{"line":179,"column":5}},"line":145},"18":{"name":"(anonymous_18)","decl":{"start":{"line":181,"column":32},"end":{"line":181,"column":33}},"loc":{"start":{"line":181,"column":41},"end":{"line":187,"column":5}},"line":181},"19":{"name":"(anonymous_19)","decl":{"start":{"line":189,"column":35},"end":{"line":189,"column":36}},"loc":{"start":{"line":189,"column":44},"end":{"line":191,"column":5}},"line":189},"20":{"name":"(anonymous_20)","decl":{"start":{"line":193,"column":35},"end":{"line":193,"column":36}},"loc":{"start":{"line":193,"column":44},"end":{"line":195,"column":5}},"line":193},"21":{"name":"(anonymous_21)","decl":{"start":{"line":198,"column":2},"end":{"line":198,"column":3}},"loc":{"start":{"line":198,"column":19},"end":{"line":204,"column":3}},"line":198},"22":{"name":"(anonymous_22)","decl":{"start":{"line":200,"column":43},"end":{"line":200,"column":44}},"loc":{"start":{"line":200,"column":50},"end":{"line":202,"column":5}},"line":200},"23":{"name":"(anonymous_23)","decl":{"start":{"line":206,"column":2},"end":{"line":206,"column":3}},"loc":{"start":{"line":206,"column":17},"end":{"line":262,"column":3}},"line":206},"24":{"name":"(anonymous_24)","decl":{"start":{"line":264,"column":2},"end":{"line":264,"column":3}},"loc":{"start":{"line":264,"column":14},"end":{"line":278,"column":3}},"line":264},"25":{"name":"(anonymous_25)","decl":{"start":{"line":280,"column":2},"end":{"line":280,"column":3}},"loc":{"start":{"line":280,"column":18},"end":{"line":301,"column":3}},"line":280},"26":{"name":"(anonymous_26)","decl":{"start":{"line":303,"column":2},"end":{"line":303,"column":3}},"loc":{"start":{"line":303,"column":22},"end":{"line":317,"column":3}},"line":303},"27":{"name":"(anonymous_27)","decl":{"start":{"line":319,"column":2},"end":{"line":319,"column":3}},"loc":{"start":{"line":319,"column":24},"end":{"line":326,"column":3}},"line":319},"28":{"name":"(anonymous_28)","decl":{"start":{"line":328,"column":2},"end":{"line":328,"column":3}},"loc":{"start":{"line":328,"column":10},"end":{"line":331,"column":3}},"line":328},"29":{"name":"(anonymous_29)","decl":{"start":{"line":334,"column":22},"end":{"line":334,"column":23}},"loc":{"start":{"line":334,"column":46},"end":{"line":334,"column":76}},"line":334}},"branchMap":{"0":{"loc":{"start":{"line":22,"column":19},"end":{"line":22,"column":59}},"type":"binary-expr","locations":[{"start":{"line":22,"column":19},"end":{"line":22,"column":29}},{"start":{"line":22,"column":33},"end":{"line":22,"column":59}}],"line":22},"1":{"loc":{"start":{"line":23,"column":20},"end":{"line":23,"column":62}},"type":"binary-expr","locations":[{"start":{"line":23,"column":20},"end":{"line":23,"column":31}},{"start":{"line":23,"column":35},"end":{"line":23,"column":62}}],"line":23},"2":{"loc":{"start":{"line":25,"column":24},"end":{"line":25,"column":52}},"type":"binary-expr","locations":[{"start":{"line":25,"column":24},"end":{"line":25,"column":41}},{"start":{"line":25,"column":45},"end":{"line":25,"column":52}}],"line":25},"3":{"loc":{"start":{"line":26,"column":22},"end":{"line":26,"column":49}},"type":"binary-expr","locations":[{"start":{"line":26,"column":22},"end":{"line":26,"column":37}},{"start":{"line":26,"column":41},"end":{"line":26,"column":49}}],"line":26},"4":{"loc":{"start":{"line":34,"column":22},"end":{"line":34,"column":42}},"type":"binary-expr","locations":[{"start":{"line":34,"column":22},"end":{"line":34,"column":36}},{"start":{"line":34,"column":40},"end":{"line":34,"column":42}}],"line":34},"5":{"loc":{"start":{"line":97,"column":6},"end":{"line":105,"column":7}},"type":"if","locations":[{"start":{"line":97,"column":6},"end":{"line":105,"column":7}},{"start":{},"end":{}}],"line":97},"6":{"loc":{"start":{"line":107,"column":6},"end":{"line":114,"column":7}},"type":"if","locations":[{"start":{"line":107,"column":6},"end":{"line":114,"column":7}},{"start":{"line":109,"column":13},"end":{"line":114,"column":7}}],"line":107},"7":{"loc":{"start":{"line":109,"column":13},"end":{"line":114,"column":7}},"type":"if","locations":[{"start":{"line":109,"column":13},"end":{"line":114,"column":7}},{"start":{},"end":{}}],"line":109},"8":{"loc":{"start":{"line":110,"column":8},"end":{"line":112,"column":9}},"type":"if","locations":[{"start":{"line":110,"column":8},"end":{"line":112,"column":9}},{"start":{},"end":{}}],"line":110},"9":{"loc":{"start":{"line":119,"column":6},"end":{"line":119,"column":36}},"type":"if","locations":[{"start":{"line":119,"column":6},"end":{"line":119,"column":36}},{"start":{},"end":{}}],"line":119},"10":{"loc":{"start":{"line":131,"column":6},"end":{"line":133,"column":7}},"type":"if","locations":[{"start":{"line":131,"column":6},"end":{"line":133,"column":7}},{"start":{},"end":{}}],"line":131},"11":{"loc":{"start":{"line":148,"column":6},"end":{"line":148,"column":31}},"type":"if","locations":[{"start":{"line":148,"column":6},"end":{"line":148,"column":31}},{"start":{},"end":{}}],"line":148},"12":{"loc":{"start":{"line":149,"column":6},"end":{"line":178,"column":7}},"type":"if","locations":[{"start":{"line":149,"column":6},"end":{"line":178,"column":7}},{"start":{"line":166,"column":13},"end":{"line":178,"column":7}}],"line":149},"13":{"loc":{"start":{"line":166,"column":13},"end":{"line":178,"column":7}},"type":"if","locations":[{"start":{"line":166,"column":13},"end":{"line":178,"column":7}},{"start":{},"end":{}}],"line":166},"14":{"loc":{"start":{"line":168,"column":8},"end":{"line":176,"column":9}},"type":"if","locations":[{"start":{"line":168,"column":8},"end":{"line":176,"column":9}},{"start":{"line":170,"column":15},"end":{"line":176,"column":9}}],"line":168},"15":{"loc":{"start":{"line":183,"column":6},"end":{"line":186,"column":7}},"type":"if","locations":[{"start":{"line":183,"column":6},"end":{"line":186,"column":7}},{"start":{},"end":{}}],"line":183},"16":{"loc":{"start":{"line":183,"column":10},"end":{"line":183,"column":48}},"type":"binary-expr","locations":[{"start":{"line":183,"column":10},"end":{"line":183,"column":28}},{"start":{"line":183,"column":32},"end":{"line":183,"column":48}}],"line":183},"17":{"loc":{"start":{"line":207,"column":4},"end":{"line":207,"column":29}},"type":"if","locations":[{"start":{"line":207,"column":4},"end":{"line":207,"column":29}},{"start":{},"end":{}}],"line":207},"18":{"loc":{"start":{"line":211,"column":4},"end":{"line":214,"column":5}},"type":"if","locations":[{"start":{"line":211,"column":4},"end":{"line":214,"column":5}},{"start":{},"end":{}}],"line":211},"19":{"loc":{"start":{"line":218,"column":4},"end":{"line":250,"column":5}},"type":"if","locations":[{"start":{"line":218,"column":4},"end":{"line":250,"column":5}},{"start":{"line":228,"column":11},"end":{"line":250,"column":5}}],"line":218},"20":{"loc":{"start":{"line":228,"column":11},"end":{"line":250,"column":5}},"type":"if","locations":[{"start":{"line":228,"column":11},"end":{"line":250,"column":5}},{"start":{"line":240,"column":11},"end":{"line":250,"column":5}}],"line":228},"21":{"loc":{"start":{"line":252,"column":4},"end":{"line":257,"column":5}},"type":"if","locations":[{"start":{"line":252,"column":4},"end":{"line":257,"column":5}},{"start":{"line":255,"column":11},"end":{"line":257,"column":5}}],"line":252},"22":{"loc":{"start":{"line":258,"column":4},"end":{"line":260,"column":5}},"type":"if","locations":[{"start":{"line":258,"column":4},"end":{"line":260,"column":5}},{"start":{},"end":{}}],"line":258},"23":{"loc":{"start":{"line":272,"column":25},"end":{"line":272,"column":65}},"type":"binary-expr","locations":[{"start":{"line":272,"column":25},"end":{"line":272,"column":35}},{"start":{"line":272,"column":39},"end":{"line":272,"column":65}}],"line":272},"24":{"loc":{"start":{"line":273,"column":26},"end":{"line":273,"column":68}},"type":"binary-expr","locations":[{"start":{"line":273,"column":26},"end":{"line":273,"column":37}},{"start":{"line":273,"column":41},"end":{"line":273,"column":68}}],"line":273},"25":{"loc":{"start":{"line":285,"column":4},"end":{"line":289,"column":5}},"type":"if","locations":[{"start":{"line":285,"column":4},"end":{"line":289,"column":5}},{"start":{},"end":{}}],"line":285},"26":{"loc":{"start":{"line":291,"column":4},"end":{"line":291,"column":34}},"type":"if","locations":[{"start":{"line":291,"column":4},"end":{"line":291,"column":34}},{"start":{},"end":{}}],"line":291},"27":{"loc":{"start":{"line":307,"column":4},"end":{"line":307,"column":34}},"type":"if","locations":[{"start":{"line":307,"column":4},"end":{"line":307,"column":34}},{"start":{},"end":{}}],"line":307},"28":{"loc":{"start":{"line":322,"column":4},"end":{"line":325,"column":5}},"type":"if","locations":[{"start":{"line":322,"column":4},"end":{"line":325,"column":5}},{"start":{},"end":{}}],"line":322},"29":{"loc":{"start":{"line":322,"column":8},"end":{"line":322,"column":36}},"type":"binary-expr","locations":[{"start":{"line":322,"column":8},"end":{"line":322,"column":11}},{"start":{"line":322,"column":15},"end":{"line":322,"column":36}}],"line":322}},"s":{"0":0,"1":0,"2":0,"3":0,"4":0,"5":0,"6":0,"7":0,"8":0,"9":0,"10":0,"11":0,"12":0,"13":0,"14":0,"15":0,"16":0,"17":0,"18":0,"19":0,"20":0,"21":0,"22":0,"23":0,"24":0,"25":0,"26":0,"27":0,"28":0,"29":0,"30":0,"31":0,"32":0,"33":0,"34":0,"35":0,"36":0,"37":0,"38":0,"39":0,"40":0,"41":0,"42":0,"43":0,"44":0,"45":0,"46":0,"47":0,"48":0,"49":0,"50":0,"51":0,"52":0,"53":0,"54":0,"55":0,"56":0,"57":0,"58":0,"59":0,"60":0,"61":0,"62":0,"63":0,"64":0,"65":0,"66":0,"67":0,"68":0,"69":0,"70":0,"71":0,"72":0,"73":0,"74":0,"75":0,"76":0,"77":0,"78":0,"79":0,"80":0,"81":0,"82":0,"83":0,"84":0,"85":0,"86":0,"87":0,"88":0,"89":0,"90":0,"91":0,"92":0,"93":0,"94":0,"95":0,"96":0,"97":0,"98":0,"99":0,"100":0,"101":0,"102":0,"103":0,"104":0,"105":0,"106":0,"107":0,"108":0,"109":0,"110":0,"111":0,"112":0,"113":0,"114":0,"115":0,"116":0,"117":0,"118":0,"119":0,"120":0,"121":0,"122":0,"123":0,"124":0,"125":0,"126":0,"127":0,"128":0,"129":0,"130":0,"131":0,"132":0,"133":0,"134":0,"135":0,"136":0,"137":0,"138":0,"139":0,"140":0,"141":0,"142":0,"143":0,"144":0,"145":0,"146":0,"147":0,"148":0,"149":0},"f":{"0":0,"1":0,"2":0,"3":0,"4":0,"5":0,"6":0,"7":0,"8":0,"9":0,"10":0,"11":0,"12":0,"13":0,"14":0,"15":0,"16":0,"17":0,"18":0,"19":0,"20":0,"21":0,"22":0,"23":0,"24":0,"25":0,"26":0,"27":0,"28":0,"29":0},"b":{"0":[0,0],"1":[0,0],"2":[0,0],"3":[0,0],"4":[0,0],"5":[0,0],"6":[0,0],"7":[0,0],"8":[0,0],"9":[0,0],"10":[0,0],"11":[0,0],"12":[0,0],"13":[0,0],"14":[0,0],"15":[0,0],"16":[0,0],"17":[0,0],"18":[0,0],"19":[0,0],"20":[0,0],"21":[0,0],"22":[0,0],"23":[0,0],"24":[0,0],"25":[0,0],"26":[0,0],"27":[0,0],"28":[0,0],"29":[0,0]}}
}
